[2026-06-09 10:42:01] Backdating 222 day(s) with 8 worker(s)...
[2026-06-09 10:42:09] 2025-10-30 - started
[2026-06-09 10:42:09] 2025-11-01 - started
[2026-06-09 10:42:09] 2025-11-04 - started
[2026-06-09 10:42:09] 2025-10-31 - started
[2026-06-09 10:42:09] 2025-11-03 - started
[2026-06-09 10:42:09] 2025-11-02 - started
[2026-06-09 10:42:09] 2025-11-05 - started
[2026-06-09 10:42:09] 2025-11-06 - started
[2026-06-09 10:42:13] 2025-10-30 - building preprocessed_data.xlsx
[2026-06-09 10:42:14] 2025-11-04 - building preprocessed_data.xlsx
[2026-06-09 10:42:14] 2025-11-02 - building preprocessed_data.xlsx
[2026-06-09 10:42:14] 2025-11-03 - building preprocessed_data.xlsx
[2026-06-09 10:42:14] 2025-11-05 - building preprocessed_data.xlsx
[2026-06-09 10:42:14] 2025-11-01 - building preprocessed_data.xlsx
[2026-06-09 10:42:14] 2025-10-31 - building preprocessed_data.xlsx
[2026-06-09 10:42:14] 2025-11-06 - building preprocessed_data.xlsx
[2026-06-09 10:42:14] 2025-10-30 - running forecast and nowcast
[2026-06-09 10:42:14] 2025-11-04 - running forecast and nowcast
[2026-06-09 10:42:14] 2025-11-02 - running forecast and nowcast
[2026-06-09 10:42:15] 2025-11-03 - running forecast and nowcast
[2026-06-09 10:42:15] 2025-11-05 - running forecast and nowcast
[2026-06-09 10:42:15] 2025-10-31 - running forecast and nowcast
[2026-06-09 10:42:15] 2025-11-01 - running forecast and nowcast
[2026-06-09 10:42:15] 2025-11-06 - running forecast and nowcast
Wrote forecast → data/output/details/2025-10-30/forecast_output.xlsx
Wrote forecast → data/output/details/2025-10-30/nowcast_output.xlsx
[2026-06-09 10:45:04] 2025-10-30 - finished
[2026-06-09 10:45:04] 2025-11-07 - started
[2026-06-09 10:45:04] [1/222] 2025-10-30 - ok
Wrote forecast → data/output/details/2025-10-31/forecast_output.xlsx
Wrote forecast → data/output/details/2025-10-31/nowcast_output.xlsx
[2026-06-09 10:45:04] 2025-10-31 - finished
[2026-06-09 10:45:04] 2025-11-08 - started
[2026-06-09 10:45:04] [2/222] 2025-10-31 - ok
Wrote forecast → data/output/details/2025-11-02/forecast_output.xlsx
Wrote forecast → data/output/details/2025-11-02/nowcast_output.xlsx
[2026-06-09 10:45:05] 2025-11-02 - finished
[2026-06-09 10:45:05] 2025-11-09 - started
[2026-06-09 10:45:05] [3/222] 2025-11-02 - ok
Wrote forecast → data/output/details/2025-11-01/forecast_output.xlsx
Wrote forecast → data/output/details/2025-11-01/nowcast_output.xlsx
[2026-06-09 10:45:05] 2025-11-01 - finished
[2026-06-09 10:45:05] 2025-11-10 - started
[2026-06-09 10:45:05] [4/222] 2025-11-01 - ok
Wrote forecast → data/output/details/2025-11-03/forecast_output.xlsx
Wrote forecast → data/output/details/2025-11-03/nowcast_output.xlsx
[2026-06-09 10:45:06] 2025-11-03 - finished
[2026-06-09 10:45:06] 2025-11-11 - started
[2026-06-09 10:45:06] [5/222] 2025-11-03 - ok
Wrote forecast → data/output/details/2025-11-05/forecast_output.xlsx
Wrote forecast → data/output/details/2025-11-05/nowcast_output.xlsx
[2026-06-09 10:45:06] 2025-11-05 - finished
[2026-06-09 10:45:06] [6/222] 2025-11-05 - ok
[2026-06-09 10:45:06] 2025-11-12 - started
Wrote forecast → data/output/details/2025-11-04/forecast_output.xlsx
Wrote forecast → data/output/details/2025-11-04/nowcast_output.xlsx
[2026-06-09 10:45:06] 2025-11-04 - finished
Wrote forecast → data/output/details/2025-11-06/forecast_output.xlsx
Wrote forecast → data/output/details/2025-11-06/nowcast_output.xlsx
[2026-06-09 10:45:06] 2025-11-06 - finished
[2026-06-09 10:45:06] 2025-11-13 - started
[2026-06-09 10:45:06] [7/222] 2025-11-04 - ok
[2026-06-09 10:45:06] 2025-11-14 - started
[2026-06-09 10:45:06] [8/222] 2025-11-06 - ok
[2026-06-09 10:45:07] 2025-11-07 - building preprocessed_data.xlsx
[2026-06-09 10:45:07] 2025-11-07 - running forecast and nowcast
[2026-06-09 10:45:07] 2025-11-08 - building preprocessed_data.xlsx
[2026-06-09 10:45:07] 2025-11-09 - building preprocessed_data.xlsx
[2026-06-09 10:45:08] 2025-11-10 - building preprocessed_data.xlsx
[2026-06-09 10:45:08] 2025-11-08 - running forecast and nowcast
[2026-06-09 10:45:08] 2025-11-09 - running forecast and nowcast
[2026-06-09 10:45:08] 2025-11-10 - running forecast and nowcast
[2026-06-09 10:45:09] 2025-11-11 - building preprocessed_data.xlsx
[2026-06-09 10:45:10] 2025-11-11 - running forecast and nowcast
[2026-06-09 10:45:10] 2025-11-12 - building preprocessed_data.xlsx
[2026-06-09 10:45:10] 2025-11-13 - building preprocessed_data.xlsx
[2026-06-09 10:45:10] 2025-11-14 - building preprocessed_data.xlsx
[2026-06-09 10:45:11] 2025-11-12 - running forecast and nowcast
[2026-06-09 10:45:11] 2025-11-13 - running forecast and nowcast
[2026-06-09 10:45:11] 2025-11-14 - running forecast and nowcast
Wrote forecast → data/output/details/2025-11-07/forecast_output.xlsx
Wrote forecast → data/output/details/2025-11-07/nowcast_output.xlsx
[2026-06-09 10:47:08] 2025-11-07 - finished
[2026-06-09 10:47:08] 2025-11-15 - started
[2026-06-09 10:47:08] [9/222] 2025-11-07 - ok
Wrote forecast → data/output/details/2025-11-08/forecast_output.xlsx
Wrote forecast → data/output/details/2025-11-08/nowcast_output.xlsx
[2026-06-09 10:47:09] 2025-11-08 - finished
[2026-06-09 10:47:09] 2025-11-16 - started
[2026-06-09 10:47:09] [10/222] 2025-11-08 - ok
Wrote forecast → data/output/details/2025-11-09/forecast_output.xlsx
Wrote forecast → data/output/details/2025-11-09/nowcast_output.xlsx
[2026-06-09 10:47:09] 2025-11-09 - finished
[2026-06-09 10:47:09] 2025-11-17 - started
[2026-06-09 10:47:09] [11/222] 2025-11-09 - ok
Wrote forecast → data/output/details/2025-11-10/forecast_output.xlsx
Wrote forecast → data/output/details/2025-11-10/nowcast_output.xlsx
[2026-06-09 10:47:10] 2025-11-10 - finished
[2026-06-09 10:47:10] 2025-11-18 - started
[2026-06-09 10:47:10] [12/222] 2025-11-10 - ok
[2026-06-09 10:47:11] 2025-11-15 - building preprocessed_data.xlsx
Wrote forecast → data/output/details/2025-11-11/forecast_output.xlsx
Wrote forecast → data/output/details/2025-11-11/nowcast_output.xlsx
[2026-06-09 10:47:11] 2025-11-11 - finished
[2026-06-09 10:47:11] 2025-11-19 - started
[2026-06-09 10:47:11] [13/222] 2025-11-11 - ok
[2026-06-09 10:47:11] 2025-11-15 - running forecast and nowcast
Wrote forecast → data/output/details/2025-11-14/forecast_output.xlsx
Wrote forecast → data/output/details/2025-11-14/nowcast_output.xlsx
[2026-06-09 10:47:11] 2025-11-14 - finished
[2026-06-09 10:47:11] 2025-11-20 - started
[2026-06-09 10:47:11] [14/222] 2025-11-14 - ok
[2026-06-09 10:47:11] 2025-11-16 - building preprocessed_data.xlsx
[2026-06-09 10:47:12] 2025-11-17 - building preprocessed_data.xlsx
Wrote forecast → data/output/details/2025-11-13/forecast_output.xlsx
Wrote forecast → data/output/details/2025-11-13/nowcast_output.xlsx
[2026-06-09 10:47:12] 2025-11-13 - finished
[2026-06-09 10:47:12] 2025-11-21 - started
[2026-06-09 10:47:12] [15/222] 2025-11-13 - ok
[2026-06-09 10:47:12] 2025-11-16 - running forecast and nowcast
[2026-06-09 10:47:12] 2025-11-17 - running forecast and nowcast
[2026-06-09 10:47:12] 2025-11-18 - building preprocessed_data.xlsx
Wrote forecast → data/output/details/2025-11-12/forecast_output.xlsx
Wrote forecast → data/output/details/2025-11-12/nowcast_output.xlsx
[2026-06-09 10:47:12] 2025-11-12 - finished
[2026-06-09 10:47:12] 2025-11-22 - started
[2026-06-09 10:47:12] [16/222] 2025-11-12 - ok
[2026-06-09 10:47:13] 2025-11-18 - running forecast and nowcast
[2026-06-09 10:47:13] 2025-11-19 - building preprocessed_data.xlsx
[2026-06-09 10:47:14] 2025-11-19 - running forecast and nowcast
[2026-06-09 10:47:14] 2025-11-20 - building preprocessed_data.xlsx
[2026-06-09 10:47:14] 2025-11-21 - building preprocessed_data.xlsx
[2026-06-09 10:47:14] 2025-11-20 - running forecast and nowcast
[2026-06-09 10:47:14] 2025-11-22 - building preprocessed_data.xlsx
[2026-06-09 10:47:15] 2025-11-21 - running forecast and nowcast
[2026-06-09 10:47:15] 2025-11-22 - running forecast and nowcast
Wrote forecast → data/output/details/2025-11-15/forecast_output.xlsx
Wrote forecast → data/output/details/2025-11-15/nowcast_output.xlsx
[2026-06-09 10:49:24] 2025-11-15 - finished
[2026-06-09 10:49:24] 2025-11-23 - started
[2026-06-09 10:49:24] [17/222] 2025-11-15 - ok
Wrote forecast → data/output/details/2025-11-16/forecast_output.xlsx
Wrote forecast → data/output/details/2025-11-16/nowcast_output.xlsx
[2026-06-09 10:49:25] 2025-11-16 - finished
[2026-06-09 10:49:25] [18/222] 2025-11-16 - ok
[2026-06-09 10:49:25] 2025-11-24 - started
Wrote forecast → data/output/details/2025-11-17/forecast_output.xlsx
Wrote forecast → data/output/details/2025-11-17/nowcast_output.xlsx
[2026-06-09 10:49:25] 2025-11-17 - finished
[2026-06-09 10:49:25] [19/222] 2025-11-17 - ok
[2026-06-09 10:49:25] 2025-11-25 - started
Wrote forecast → data/output/details/2025-11-18/forecast_output.xlsx
Wrote forecast → data/output/details/2025-11-18/nowcast_output.xlsx
[2026-06-09 10:49:26] 2025-11-18 - finished
[2026-06-09 10:49:26] 2025-11-26 - started
[2026-06-09 10:49:26] [20/222] 2025-11-18 - ok
[2026-06-09 10:49:27] 2025-11-23 - building preprocessed_data.xlsx
[2026-06-09 10:49:28] 2025-11-23 - running forecast and nowcast
[2026-06-09 10:49:28] 2025-11-24 - building preprocessed_data.xlsx
[2026-06-09 10:49:28] 2025-11-25 - building preprocessed_data.xlsx
Wrote forecast → data/output/details/2025-11-19/forecast_output.xlsx
Wrote forecast → data/output/details/2025-11-19/nowcast_output.xlsx
[2026-06-09 10:49:28] 2025-11-19 - finished
[2026-06-09 10:49:28] [21/222] 2025-11-19 - ok
[2026-06-09 10:49:28] 2025-11-27 - started
[2026-06-09 10:49:28] 2025-11-24 - running forecast and nowcast
[2026-06-09 10:49:29] 2025-11-25 - running forecast and nowcast
Wrote forecast → data/output/details/2025-11-20/forecast_output.xlsx
Wrote forecast → data/output/details/2025-11-20/nowcast_output.xlsx
[2026-06-09 10:49:29] 2025-11-20 - finished
[2026-06-09 10:49:29] 2025-11-28 - started
[2026-06-09 10:49:29] [22/222] 2025-11-20 - ok
[2026-06-09 10:49:29] 2025-11-26 - building preprocessed_data.xlsx
[2026-06-09 10:49:30] 2025-11-26 - running forecast and nowcast
Wrote forecast → data/output/details/2025-11-22/forecast_output.xlsx
Wrote forecast → data/output/details/2025-11-22/nowcast_output.xlsx
[2026-06-09 10:49:30] 2025-11-22 - finished
[2026-06-09 10:49:30] 2025-11-29 - started
[2026-06-09 10:49:30] [23/222] 2025-11-22 - ok
Wrote forecast → data/output/details/2025-11-21/forecast_output.xlsx
Wrote forecast → data/output/details/2025-11-21/nowcast_output.xlsx
[2026-06-09 10:49:30] 2025-11-21 - finished
[2026-06-09 10:49:30] 2025-11-30 - started
[2026-06-09 10:49:30] [24/222] 2025-11-21 - ok
[2026-06-09 10:49:31] 2025-11-27 - building preprocessed_data.xlsx
[2026-06-09 10:49:32] 2025-11-28 - building preprocessed_data.xlsx
[2026-06-09 10:49:32] 2025-11-27 - running forecast and nowcast
[2026-06-09 10:49:33] 2025-11-28 - running forecast and nowcast
[2026-06-09 10:49:34] 2025-11-29 - building preprocessed_data.xlsx
[2026-06-09 10:49:34] 2025-11-30 - building preprocessed_data.xlsx
[2026-06-09 10:49:34] 2025-11-29 - running forecast and nowcast
[2026-06-09 10:49:34] 2025-11-30 - running forecast and nowcast
Wrote forecast → data/output/details/2025-11-23/forecast_output.xlsx
Wrote forecast → data/output/details/2025-11-23/nowcast_output.xlsx
[2026-06-09 10:51:37] 2025-11-23 - finished
[2026-06-09 10:51:37] 2025-12-01 - started
[2026-06-09 10:51:37] [25/222] 2025-11-23 - ok
Wrote forecast → data/output/details/2025-11-24/forecast_output.xlsx
Wrote forecast → data/output/details/2025-11-24/nowcast_output.xlsx
[2026-06-09 10:51:38] 2025-11-24 - finished
[2026-06-09 10:51:38] [26/222] 2025-11-24 - ok
[2026-06-09 10:51:38] 2025-12-02 - started
Wrote forecast → data/output/details/2025-11-25/forecast_output.xlsx
Wrote forecast → data/output/details/2025-11-25/nowcast_output.xlsx
[2026-06-09 10:51:38] 2025-11-25 - finished
[2026-06-09 10:51:38] 2025-12-03 - started
[2026-06-09 10:51:38] [27/222] 2025-11-25 - ok
Wrote forecast → data/output/details/2025-11-26/forecast_output.xlsx
Wrote forecast → data/output/details/2025-11-26/nowcast_output.xlsx
[2026-06-09 10:51:39] 2025-11-26 - finished
[2026-06-09 10:51:39] [28/222] 2025-11-26 - ok
[2026-06-09 10:51:39] 2025-12-04 - started
[2026-06-09 10:51:40] 2025-12-01 - building preprocessed_data.xlsx
[2026-06-09 10:51:41] 2025-12-02 - building preprocessed_data.xlsx
[2026-06-09 10:51:41] 2025-12-01 - running forecast and nowcast
[2026-06-09 10:51:41] 2025-12-03 - building preprocessed_data.xlsx
[2026-06-09 10:51:41] 2025-12-02 - running forecast and nowcast
[2026-06-09 10:51:42] 2025-12-03 - running forecast and nowcast
Wrote forecast → data/output/details/2025-11-27/forecast_output.xlsx
Wrote forecast → data/output/details/2025-11-27/nowcast_output.xlsx
[2026-06-09 10:51:42] 2025-11-27 - finished
[2026-06-09 10:51:42] 2025-12-05 - started
[2026-06-09 10:51:42] [29/222] 2025-11-27 - ok
[2026-06-09 10:51:42] 2025-12-04 - building preprocessed_data.xlsx
[2026-06-09 10:51:43] 2025-12-04 - running forecast and nowcast
Wrote forecast → data/output/details/2025-11-28/forecast_output.xlsx
Wrote forecast → data/output/details/2025-11-28/nowcast_output.xlsx
[2026-06-09 10:51:43] 2025-11-28 - finished
[2026-06-09 10:51:43] 2025-12-06 - started
[2026-06-09 10:51:43] [30/222] 2025-11-28 - ok
Wrote forecast → data/output/details/2025-11-29/forecast_output.xlsx
Wrote forecast → data/output/details/2025-11-29/nowcast_output.xlsx
[2026-06-09 10:51:45] 2025-11-29 - finished
[2026-06-09 10:51:45] 2025-12-07 - started
[2026-06-09 10:51:45] [31/222] 2025-11-29 - ok
Wrote forecast → data/output/details/2025-11-30/forecast_output.xlsx
Wrote forecast → data/output/details/2025-11-30/nowcast_output.xlsx
[2026-06-09 10:51:45] 2025-11-30 - finished
[2026-06-09 10:51:45] 2025-12-08 - started
[2026-06-09 10:51:45] [32/222] 2025-11-30 - ok
[2026-06-09 10:51:45] 2025-12-05 - building preprocessed_data.xlsx
[2026-06-09 10:51:46] 2025-12-05 - running forecast and nowcast
[2026-06-09 10:51:46] 2025-12-06 - building preprocessed_data.xlsx
[2026-06-09 10:51:47] 2025-12-06 - running forecast and nowcast
[2026-06-09 10:51:48] 2025-12-07 - building preprocessed_data.xlsx
[2026-06-09 10:51:48] 2025-12-08 - building preprocessed_data.xlsx
[2026-06-09 10:51:49] 2025-12-07 - running forecast and nowcast
[2026-06-09 10:51:49] 2025-12-08 - running forecast and nowcast
Wrote forecast → data/output/details/2025-12-01/forecast_output.xlsx
Wrote forecast → data/output/details/2025-12-01/nowcast_output.xlsx
[2026-06-09 10:53:33] 2025-12-01 - finished
[2026-06-09 10:53:33] 2025-12-09 - started
[2026-06-09 10:53:33] [33/222] 2025-12-01 - ok
Wrote forecast → data/output/details/2025-12-02/forecast_output.xlsx
Wrote forecast → data/output/details/2025-12-02/nowcast_output.xlsx
[2026-06-09 10:53:33] 2025-12-02 - finished
[2026-06-09 10:53:33] 2025-12-10 - started
[2026-06-09 10:53:33] [34/222] 2025-12-02 - ok
Wrote forecast → data/output/details/2025-12-03/forecast_output.xlsx
Wrote forecast → data/output/details/2025-12-03/nowcast_output.xlsx
[2026-06-09 10:53:34] 2025-12-03 - finished
[2026-06-09 10:53:34] 2025-12-11 - started
[2026-06-09 10:53:34] [35/222] 2025-12-03 - ok
Wrote forecast → data/output/details/2025-12-04/forecast_output.xlsx
Wrote forecast → data/output/details/2025-12-04/nowcast_output.xlsx
[2026-06-09 10:53:35] 2025-12-04 - finished
[2026-06-09 10:53:35] [36/222] 2025-12-04 - ok
[2026-06-09 10:53:35] 2025-12-12 - started
[2026-06-09 10:53:36] 2025-12-09 - building preprocessed_data.xlsx
[2026-06-09 10:53:36] 2025-12-10 - building preprocessed_data.xlsx
[2026-06-09 10:53:36] 2025-12-09 - running forecast and nowcast
[2026-06-09 10:53:36] 2025-12-10 - running forecast and nowcast
[2026-06-09 10:53:36] 2025-12-11 - building preprocessed_data.xlsx
[2026-06-09 10:53:37] 2025-12-11 - running forecast and nowcast
[2026-06-09 10:53:37] 2025-12-12 - building preprocessed_data.xlsx
[2026-06-09 10:53:38] 2025-12-12 - running forecast and nowcast
Wrote forecast → data/output/details/2025-12-05/forecast_output.xlsx
Wrote forecast → data/output/details/2025-12-05/nowcast_output.xlsx
[2026-06-09 10:53:38] 2025-12-05 - finished
[2026-06-09 10:53:38] 2025-12-13 - started
[2026-06-09 10:53:38] [37/222] 2025-12-05 - ok
Wrote forecast → data/output/details/2025-12-06/forecast_output.xlsx
Wrote forecast → data/output/details/2025-12-06/nowcast_output.xlsx
[2026-06-09 10:53:38] 2025-12-06 - finished
[2026-06-09 10:53:38] [38/222] 2025-12-06 - ok
[2026-06-09 10:53:38] 2025-12-14 - started
Wrote forecast → data/output/details/2025-12-07/forecast_output.xlsx
Wrote forecast → data/output/details/2025-12-07/nowcast_output.xlsx
[2026-06-09 10:53:40] 2025-12-07 - finished
[2026-06-09 10:53:40] 2025-12-15 - started
[2026-06-09 10:53:40] [39/222] 2025-12-07 - ok
[2026-06-09 10:53:40] 2025-12-13 - building preprocessed_data.xlsx
Wrote forecast → data/output/details/2025-12-08/forecast_output.xlsx
Wrote forecast → data/output/details/2025-12-08/nowcast_output.xlsx
[2026-06-09 10:53:40] 2025-12-08 - finished
[2026-06-09 10:53:40] [40/222] 2025-12-08 - ok
[2026-06-09 10:53:40] 2025-12-16 - started
[2026-06-09 10:53:41] 2025-12-14 - building preprocessed_data.xlsx
[2026-06-09 10:53:41] 2025-12-13 - running forecast and nowcast
[2026-06-09 10:53:41] 2025-12-14 - running forecast and nowcast
[2026-06-09 10:53:42] 2025-12-15 - building preprocessed_data.xlsx
[2026-06-09 10:53:43] 2025-12-15 - running forecast and nowcast
[2026-06-09 10:53:43] 2025-12-16 - building preprocessed_data.xlsx
[2026-06-09 10:53:43] 2025-12-16 - running forecast and nowcast
Wrote forecast → data/output/details/2025-12-09/forecast_output.xlsx
Wrote forecast → data/output/details/2025-12-09/nowcast_output.xlsx
[2026-06-09 10:55:31] 2025-12-09 - finished
[2026-06-09 10:55:31] 2025-12-17 - started
[2026-06-09 10:55:31] [41/222] 2025-12-09 - ok
Wrote forecast → data/output/details/2025-12-10/forecast_output.xlsx
Wrote forecast → data/output/details/2025-12-10/nowcast_output.xlsx
[2026-06-09 10:55:31] 2025-12-10 - finished
[2026-06-09 10:55:31] 2025-12-18 - started
[2026-06-09 10:55:31] [42/222] 2025-12-10 - ok
Wrote forecast → data/output/details/2025-12-11/forecast_output.xlsx
Wrote forecast → data/output/details/2025-12-11/nowcast_output.xlsx
[2026-06-09 10:55:31] 2025-12-11 - finished
[2026-06-09 10:55:31] 2025-12-19 - started
[2026-06-09 10:55:31] [43/222] 2025-12-11 - ok
Wrote forecast → data/output/details/2025-12-12/forecast_output.xlsx
Wrote forecast → data/output/details/2025-12-12/nowcast_output.xlsx
[2026-06-09 10:55:33] 2025-12-12 - finished
[2026-06-09 10:55:33] 2025-12-20 - started
[2026-06-09 10:55:33] [44/222] 2025-12-12 - ok
[2026-06-09 10:55:33] 2025-12-17 - building preprocessed_data.xlsx
[2026-06-09 10:55:33] 2025-12-18 - building preprocessed_data.xlsx
[2026-06-09 10:55:34] 2025-12-17 - running forecast and nowcast
[2026-06-09 10:55:34] 2025-12-18 - running forecast and nowcast
[2026-06-09 10:55:34] 2025-12-19 - building preprocessed_data.xlsx
[2026-06-09 10:55:34] 2025-12-19 - running forecast and nowcast
[2026-06-09 10:55:35] 2025-12-20 - building preprocessed_data.xlsx
[2026-06-09 10:55:36] 2025-12-20 - running forecast and nowcast
Wrote forecast → data/output/details/2025-12-13/forecast_output.xlsx
Wrote forecast → data/output/details/2025-12-13/nowcast_output.xlsx
[2026-06-09 10:55:37] 2025-12-13 - finished
[2026-06-09 10:55:37] 2025-12-21 - started
[2026-06-09 10:55:37] [45/222] 2025-12-13 - ok
Wrote forecast → data/output/details/2025-12-14/forecast_output.xlsx
Wrote forecast → data/output/details/2025-12-14/nowcast_output.xlsx
[2026-06-09 10:55:37] 2025-12-14 - finished
[2026-06-09 10:55:37] 2025-12-22 - started
[2026-06-09 10:55:37] [46/222] 2025-12-14 - ok
Wrote forecast → data/output/details/2025-12-15/forecast_output.xlsx
Wrote forecast → data/output/details/2025-12-15/nowcast_output.xlsx
[2026-06-09 10:55:39] 2025-12-15 - finished
[2026-06-09 10:55:39] 2025-12-23 - started
[2026-06-09 10:55:39] [47/222] 2025-12-15 - ok
[2026-06-09 10:55:39] 2025-12-21 - building preprocessed_data.xlsx
[2026-06-09 10:55:39] 2025-12-22 - building preprocessed_data.xlsx
[2026-06-09 10:55:39] 2025-12-21 - running forecast and nowcast
Wrote forecast → data/output/details/2025-12-16/forecast_output.xlsx
Wrote forecast → data/output/details/2025-12-16/nowcast_output.xlsx
[2026-06-09 10:55:39] 2025-12-16 - finished
[2026-06-09 10:55:39] [48/222] 2025-12-16 - ok
[2026-06-09 10:55:39] 2025-12-24 - started
[2026-06-09 10:55:40] 2025-12-22 - running forecast and nowcast
[2026-06-09 10:55:41] 2025-12-23 - building preprocessed_data.xlsx
[2026-06-09 10:55:41] 2025-12-23 - running forecast and nowcast
[2026-06-09 10:55:42] 2025-12-24 - building preprocessed_data.xlsx
[2026-06-09 10:55:42] 2025-12-24 - running forecast and nowcast
Wrote forecast → data/output/details/2025-12-18/forecast_output.xlsx
Wrote forecast → data/output/details/2025-12-18/nowcast_output.xlsx
[2026-06-09 10:57:29] 2025-12-18 - finished
[2026-06-09 10:57:29] 2025-12-25 - started
[2026-06-09 10:57:29] [49/222] 2025-12-18 - ok
Wrote forecast → data/output/details/2025-12-17/forecast_output.xlsx
Wrote forecast → data/output/details/2025-12-17/nowcast_output.xlsx
[2026-06-09 10:57:29] 2025-12-17 - finished
[2026-06-09 10:57:29] 2025-12-26 - started
[2026-06-09 10:57:29] [50/222] 2025-12-17 - ok
Wrote forecast → data/output/details/2025-12-19/forecast_output.xlsx
Wrote forecast → data/output/details/2025-12-19/nowcast_output.xlsx
[2026-06-09 10:57:30] 2025-12-19 - finished
[2026-06-09 10:57:30] 2025-12-27 - started
[2026-06-09 10:57:30] [51/222] 2025-12-19 - ok
[2026-06-09 10:57:31] 2025-12-25 - building preprocessed_data.xlsx
Wrote forecast → data/output/details/2025-12-20/forecast_output.xlsx
Wrote forecast → data/output/details/2025-12-20/nowcast_output.xlsx
[2026-06-09 10:57:31] 2025-12-20 - finished
[2026-06-09 10:57:31] 2025-12-28 - started
[2026-06-09 10:57:31] [52/222] 2025-12-20 - ok
[2026-06-09 10:57:31] 2025-12-26 - building preprocessed_data.xlsx
[2026-06-09 10:57:32] 2025-12-25 - running forecast and nowcast
[2026-06-09 10:57:32] 2025-12-26 - running forecast and nowcast
[2026-06-09 10:57:33] 2025-12-27 - building preprocessed_data.xlsx
[2026-06-09 10:57:33] 2025-12-27 - running forecast and nowcast
[2026-06-09 10:57:34] 2025-12-28 - building preprocessed_data.xlsx
[2026-06-09 10:57:35] 2025-12-28 - running forecast and nowcast
Wrote forecast → data/output/details/2025-12-21/forecast_output.xlsx
Wrote forecast → data/output/details/2025-12-21/nowcast_output.xlsx
[2026-06-09 10:57:36] 2025-12-21 - finished
[2026-06-09 10:57:36] 2025-12-29 - started
[2026-06-09 10:57:36] [53/222] 2025-12-21 - ok
Wrote forecast → data/output/details/2025-12-22/forecast_output.xlsx
Wrote forecast → data/output/details/2025-12-22/nowcast_output.xlsx
[2026-06-09 10:57:36] 2025-12-22 - finished
[2026-06-09 10:57:36] 2025-12-30 - started
[2026-06-09 10:57:36] [54/222] 2025-12-22 - ok
[2026-06-09 10:57:39] 2025-12-29 - building preprocessed_data.xlsx
[2026-06-09 10:57:39] 2025-12-30 - building preprocessed_data.xlsx
Wrote forecast → data/output/details/2025-12-23/forecast_output.xlsx
Wrote forecast → data/output/details/2025-12-23/nowcast_output.xlsx
[2026-06-09 10:57:39] 2025-12-23 - finished
[2026-06-09 10:57:39] 2025-12-31 - started
[2026-06-09 10:57:39] [55/222] 2025-12-23 - ok
[2026-06-09 10:57:39] 2025-12-29 - running forecast and nowcast
[2026-06-09 10:57:39] 2025-12-30 - running forecast and nowcast
Wrote forecast → data/output/details/2025-12-24/forecast_output.xlsx
Wrote forecast → data/output/details/2025-12-24/nowcast_output.xlsx
[2026-06-09 10:57:40] 2025-12-24 - finished
[2026-06-09 10:57:40] 2026-01-01 - started
[2026-06-09 10:57:40] [56/222] 2025-12-24 - ok
[2026-06-09 10:57:41] 2025-12-31 - building preprocessed_data.xlsx
[2026-06-09 10:57:42] 2025-12-31 - running forecast and nowcast
[2026-06-09 10:57:42] 2026-01-01 - building preprocessed_data.xlsx
[2026-06-09 10:57:43] 2026-01-01 - running forecast and nowcast
Wrote forecast → data/output/details/2025-12-26/forecast_output.xlsx
Wrote forecast → data/output/details/2025-12-26/nowcast_output.xlsx
[2026-06-09 10:59:22] 2025-12-26 - finished
[2026-06-09 10:59:22] 2026-01-02 - started
[2026-06-09 10:59:22] [57/222] 2025-12-26 - ok
Wrote forecast → data/output/details/2025-12-25/forecast_output.xlsx
Wrote forecast → data/output/details/2025-12-25/nowcast_output.xlsx
[2026-06-09 10:59:23] 2025-12-25 - finished
[2026-06-09 10:59:23] 2026-01-03 - started
[2026-06-09 10:59:23] [58/222] 2025-12-25 - ok
Wrote forecast → data/output/details/2025-12-27/forecast_output.xlsx
Wrote forecast → data/output/details/2025-12-27/nowcast_output.xlsx
[2026-06-09 10:59:24] 2025-12-27 - finished
[2026-06-09 10:59:24] 2026-01-04 - started
[2026-06-09 10:59:24] [59/222] 2025-12-27 - ok
[2026-06-09 10:59:25] 2026-01-02 - building preprocessed_data.xlsx
[2026-06-09 10:59:26] 2026-01-02 - running forecast and nowcast
[2026-06-09 10:59:26] 2026-01-03 - building preprocessed_data.xlsx
Wrote forecast → data/output/details/2025-12-28/forecast_output.xlsx
Wrote forecast → data/output/details/2025-12-28/nowcast_output.xlsx
[2026-06-09 10:59:26] 2025-12-28 - finished
[2026-06-09 10:59:26] [60/222] 2025-12-28 - ok
[2026-06-09 10:59:26] 2026-01-05 - started
[2026-06-09 10:59:26] 2026-01-03 - running forecast and nowcast
[2026-06-09 10:59:27] 2026-01-04 - building preprocessed_data.xlsx
[2026-06-09 10:59:27] 2026-01-04 - running forecast and nowcast
[2026-06-09 10:59:29] 2026-01-05 - building preprocessed_data.xlsx
[2026-06-09 10:59:29] 2026-01-05 - running forecast and nowcast
Wrote forecast → data/output/details/2025-12-29/forecast_output.xlsx
Wrote forecast → data/output/details/2025-12-29/nowcast_output.xlsx
[2026-06-09 10:59:31] 2025-12-29 - finished
[2026-06-09 10:59:31] 2026-01-06 - started
[2026-06-09 10:59:31] [61/222] 2025-12-29 - ok
Wrote forecast → data/output/details/2025-12-30/forecast_output.xlsx
Wrote forecast → data/output/details/2025-12-30/nowcast_output.xlsx
[2026-06-09 10:59:31] 2025-12-30 - finished
[2026-06-09 10:59:31] [62/222] 2025-12-30 - ok
[2026-06-09 10:59:31] 2026-01-07 - started
[2026-06-09 10:59:34] 2026-01-07 - building preprocessed_data.xlsx
[2026-06-09 10:59:34] 2026-01-06 - building preprocessed_data.xlsx
[2026-06-09 10:59:34] 2026-01-07 - running forecast and nowcast
[2026-06-09 10:59:34] 2026-01-06 - running forecast and nowcast
Wrote forecast → data/output/details/2025-12-31/forecast_output.xlsx
Wrote forecast → data/output/details/2025-12-31/nowcast_output.xlsx
[2026-06-09 10:59:34] 2025-12-31 - finished
[2026-06-09 10:59:34] 2026-01-08 - started
[2026-06-09 10:59:34] [63/222] 2025-12-31 - ok
Wrote forecast → data/output/details/2026-01-01/forecast_output.xlsx
Wrote forecast → data/output/details/2026-01-01/nowcast_output.xlsx
[2026-06-09 10:59:35] 2026-01-01 - finished
[2026-06-09 10:59:35] 2026-01-09 - started
[2026-06-09 10:59:35] [64/222] 2026-01-01 - ok
[2026-06-09 10:59:37] 2026-01-08 - building preprocessed_data.xlsx
[2026-06-09 10:59:37] 2026-01-08 - running forecast and nowcast
[2026-06-09 10:59:38] 2026-01-09 - building preprocessed_data.xlsx
[2026-06-09 10:59:38] 2026-01-09 - running forecast and nowcast
Wrote forecast → data/output/details/2026-01-02/forecast_output.xlsx
Wrote forecast → data/output/details/2026-01-02/nowcast_output.xlsx
[2026-06-09 11:01:38] 2026-01-02 - finished
[2026-06-09 11:01:38] 2026-01-10 - started
[2026-06-09 11:01:38] [65/222] 2026-01-02 - ok
Wrote forecast → data/output/details/2026-01-03/forecast_output.xlsx
Wrote forecast → data/output/details/2026-01-03/nowcast_output.xlsx
[2026-06-09 11:01:40] 2026-01-03 - finished
[2026-06-09 11:01:40] [66/222] 2026-01-03 - ok
[2026-06-09 11:01:40] 2026-01-11 - started
Wrote forecast → data/output/details/2026-01-04/forecast_output.xlsx
Wrote forecast → data/output/details/2026-01-04/nowcast_output.xlsx
[2026-06-09 11:01:42] 2026-01-04 - finished
[2026-06-09 11:01:42] 2026-01-12 - started
[2026-06-09 11:01:42] [67/222] 2026-01-04 - ok
[2026-06-09 11:01:43] 2026-01-10 - building preprocessed_data.xlsx
[2026-06-09 11:01:44] 2026-01-10 - running forecast and nowcast
[2026-06-09 11:01:45] 2026-01-11 - building preprocessed_data.xlsx
[2026-06-09 11:01:46] 2026-01-11 - running forecast and nowcast
Wrote forecast → data/output/details/2026-01-05/forecast_output.xlsx
Wrote forecast → data/output/details/2026-01-05/nowcast_output.xlsx
[2026-06-09 11:01:47] 2026-01-05 - finished
[2026-06-09 11:01:47] 2026-01-13 - started
[2026-06-09 11:01:47] [68/222] 2026-01-05 - ok
[2026-06-09 11:01:47] 2026-01-12 - building preprocessed_data.xlsx
[2026-06-09 11:01:49] 2026-01-12 - running forecast and nowcast
[2026-06-09 11:01:53] 2026-01-13 - building preprocessed_data.xlsx
[2026-06-09 11:01:55] 2026-01-13 - running forecast and nowcast
Wrote forecast → data/output/details/2026-01-07/forecast_output.xlsx
Wrote forecast → data/output/details/2026-01-07/nowcast_output.xlsx
[2026-06-09 11:01:59] 2026-01-07 - finished
[2026-06-09 11:01:59] [69/222] 2026-01-07 - ok
[2026-06-09 11:01:59] 2026-01-14 - started
Wrote forecast → data/output/details/2026-01-06/forecast_output.xlsx
Wrote forecast → data/output/details/2026-01-06/nowcast_output.xlsx
[2026-06-09 11:02:00] 2026-01-06 - finished
[2026-06-09 11:02:00] [70/222] 2026-01-06 - ok
[2026-06-09 11:02:00] 2026-01-15 - started
[2026-06-09 11:02:05] 2026-01-14 - building preprocessed_data.xlsx
[2026-06-09 11:02:07] 2026-01-15 - building preprocessed_data.xlsx
[2026-06-09 11:02:07] 2026-01-14 - running forecast and nowcast
[2026-06-09 11:02:09] 2026-01-15 - running forecast and nowcast
Wrote forecast → data/output/details/2026-01-08/forecast_output.xlsx
Wrote forecast → data/output/details/2026-01-08/nowcast_output.xlsx
[2026-06-09 11:02:10] 2026-01-08 - finished
[2026-06-09 11:02:10] [71/222] 2026-01-08 - ok
[2026-06-09 11:02:10] 2026-01-16 - started
Wrote forecast → data/output/details/2026-01-09/forecast_output.xlsx
Wrote forecast → data/output/details/2026-01-09/nowcast_output.xlsx
[2026-06-09 11:02:14] 2026-01-09 - finished
[2026-06-09 11:02:14] 2026-01-17 - started
[2026-06-09 11:02:14] [72/222] 2026-01-09 - ok
[2026-06-09 11:02:16] 2026-01-16 - building preprocessed_data.xlsx
[2026-06-09 11:02:17] 2026-01-16 - running forecast and nowcast
[2026-06-09 11:02:19] 2026-01-17 - building preprocessed_data.xlsx
[2026-06-09 11:02:20] 2026-01-17 - running forecast and nowcast
Wrote forecast → data/output/details/2026-01-10/forecast_output.xlsx
Wrote forecast → data/output/details/2026-01-10/nowcast_output.xlsx
[2026-06-09 11:06:03] 2026-01-10 - finished
[2026-06-09 11:06:03] [73/222] 2026-01-10 - ok
[2026-06-09 11:06:03] 2026-01-18 - started
Wrote forecast → data/output/details/2026-01-11/forecast_output.xlsx
Wrote forecast → data/output/details/2026-01-11/nowcast_output.xlsx
[2026-06-09 11:06:07] 2026-01-11 - finished
[2026-06-09 11:06:07] 2026-01-19 - started
[2026-06-09 11:06:07] [74/222] 2026-01-11 - ok
[2026-06-09 11:06:10] 2026-01-18 - building preprocessed_data.xlsx
Wrote forecast → data/output/details/2026-01-12/forecast_output.xlsx
Wrote forecast → data/output/details/2026-01-12/nowcast_output.xlsx
[2026-06-09 11:06:11] 2026-01-12 - finished
[2026-06-09 11:06:11] 2026-01-20 - started
[2026-06-09 11:06:11] [75/222] 2026-01-12 - ok
[2026-06-09 11:06:12] 2026-01-18 - running forecast and nowcast
[2026-06-09 11:06:15] 2026-01-19 - building preprocessed_data.xlsx
[2026-06-09 11:06:17] 2026-01-19 - running forecast and nowcast
[2026-06-09 11:06:19] 2026-01-20 - building preprocessed_data.xlsx
Wrote forecast → data/output/details/2026-01-13/forecast_output.xlsx
Wrote forecast → data/output/details/2026-01-13/nowcast_output.xlsx
[2026-06-09 11:06:19] 2026-01-13 - finished
[2026-06-09 11:06:19] 2026-01-21 - started
[2026-06-09 11:06:19] [76/222] 2026-01-13 - ok
[2026-06-09 11:06:20] 2026-01-20 - running forecast and nowcast
[2026-06-09 11:06:25] 2026-01-21 - building preprocessed_data.xlsx
[2026-06-09 11:06:26] 2026-01-21 - running forecast and nowcast
Wrote forecast → data/output/details/2026-01-14/forecast_output.xlsx
Wrote forecast → data/output/details/2026-01-14/nowcast_output.xlsx
[2026-06-09 11:06:32] 2026-01-14 - finished
[2026-06-09 11:06:32] 2026-01-22 - started
[2026-06-09 11:06:32] [77/222] 2026-01-14 - ok
Wrote forecast → data/output/details/2026-01-15/forecast_output.xlsx
Wrote forecast → data/output/details/2026-01-15/nowcast_output.xlsx
[2026-06-09 11:06:33] 2026-01-15 - finished
[2026-06-09 11:06:33] 2026-01-23 - started
[2026-06-09 11:06:33] [78/222] 2026-01-15 - ok
[2026-06-09 11:06:36] 2026-01-22 - building preprocessed_data.xlsx
[2026-06-09 11:06:37] 2026-01-22 - running forecast and nowcast
[2026-06-09 11:06:37] 2026-01-23 - building preprocessed_data.xlsx
[2026-06-09 11:06:38] 2026-01-23 - running forecast and nowcast
Wrote forecast → data/output/details/2026-01-16/forecast_output.xlsx
Wrote forecast → data/output/details/2026-01-16/nowcast_output.xlsx
[2026-06-09 11:06:38] 2026-01-16 - finished
[2026-06-09 11:06:38] 2026-01-24 - started
[2026-06-09 11:06:38] [79/222] 2026-01-16 - ok
Wrote forecast → data/output/details/2026-01-17/forecast_output.xlsx
Wrote forecast → data/output/details/2026-01-17/nowcast_output.xlsx
[2026-06-09 11:06:41] 2026-01-17 - finished
[2026-06-09 11:06:41] 2026-01-25 - started
[2026-06-09 11:06:41] [80/222] 2026-01-17 - ok
[2026-06-09 11:06:42] 2026-01-24 - building preprocessed_data.xlsx
[2026-06-09 11:06:42] 2026-01-24 - running forecast and nowcast
[2026-06-09 11:06:45] 2026-01-25 - building preprocessed_data.xlsx
[2026-06-09 11:06:45] 2026-01-25 - running forecast and nowcast
Wrote forecast → data/output/details/2026-01-18/forecast_output.xlsx
Wrote forecast → data/output/details/2026-01-18/nowcast_output.xlsx
[2026-06-09 11:09:42] 2026-01-18 - finished
[2026-06-09 11:09:42] 2026-01-26 - started
[2026-06-09 11:09:42] [81/222] 2026-01-18 - ok
Wrote forecast → data/output/details/2026-01-19/forecast_output.xlsx
Wrote forecast → data/output/details/2026-01-19/nowcast_output.xlsx
[2026-06-09 11:09:49] 2026-01-19 - finished
[2026-06-09 11:09:49] 2026-01-27 - started
[2026-06-09 11:09:49] [82/222] 2026-01-19 - ok
[2026-06-09 11:09:50] 2026-01-26 - building preprocessed_data.xlsx
[2026-06-09 11:09:52] 2026-01-26 - running forecast and nowcast
Wrote forecast → data/output/details/2026-01-20/forecast_output.xlsx
Wrote forecast → data/output/details/2026-01-20/nowcast_output.xlsx
[2026-06-09 11:09:52] 2026-01-20 - finished
[2026-06-09 11:09:52] 2026-01-28 - started
[2026-06-09 11:09:52] [83/222] 2026-01-20 - ok
[2026-06-09 11:09:57] 2026-01-27 - building preprocessed_data.xlsx
[2026-06-09 11:09:59] 2026-01-27 - running forecast and nowcast
[2026-06-09 11:10:01] 2026-01-28 - building preprocessed_data.xlsx
Wrote forecast → data/output/details/2026-01-21/forecast_output.xlsx
Wrote forecast → data/output/details/2026-01-21/nowcast_output.xlsx
[2026-06-09 11:10:02] 2026-01-21 - finished
[2026-06-09 11:10:02] 2026-01-29 - started
[2026-06-09 11:10:02] [84/222] 2026-01-21 - ok
[2026-06-09 11:10:02] 2026-01-28 - running forecast and nowcast
[2026-06-09 11:10:09] 2026-01-29 - building preprocessed_data.xlsx
[2026-06-09 11:10:10] 2026-01-29 - running forecast and nowcast
Wrote forecast → data/output/details/2026-01-22/forecast_output.xlsx
Wrote forecast → data/output/details/2026-01-22/nowcast_output.xlsx
[2026-06-09 11:10:20] 2026-01-22 - finished
[2026-06-09 11:10:20] 2026-01-30 - started
[2026-06-09 11:10:20] [85/222] 2026-01-22 - ok
Wrote forecast → data/output/details/2026-01-23/forecast_output.xlsx
Wrote forecast → data/output/details/2026-01-23/nowcast_output.xlsx
[2026-06-09 11:10:22] 2026-01-23 - finished
[2026-06-09 11:10:22] 2026-01-31 - started
[2026-06-09 11:10:22] [86/222] 2026-01-23 - ok
[2026-06-09 11:10:27] 2026-01-30 - building preprocessed_data.xlsx
[2026-06-09 11:10:28] 2026-01-30 - running forecast and nowcast
[2026-06-09 11:10:29] 2026-01-31 - building preprocessed_data.xlsx
[2026-06-09 11:10:30] 2026-01-31 - running forecast and nowcast
Wrote forecast → data/output/details/2026-01-24/forecast_output.xlsx
Wrote forecast → data/output/details/2026-01-24/nowcast_output.xlsx
[2026-06-09 11:10:31] 2026-01-24 - finished
[2026-06-09 11:10:31] 2026-02-01 - started
[2026-06-09 11:10:31] [87/222] 2026-01-24 - ok
Wrote forecast → data/output/details/2026-01-25/forecast_output.xlsx
Wrote forecast → data/output/details/2026-01-25/nowcast_output.xlsx
[2026-06-09 11:10:36] 2026-01-25 - finished
[2026-06-09 11:10:36] 2026-02-02 - started
[2026-06-09 11:10:36] [88/222] 2026-01-25 - ok
[2026-06-09 11:10:37] 2026-02-01 - building preprocessed_data.xlsx
[2026-06-09 11:10:38] 2026-02-01 - running forecast and nowcast
[2026-06-09 11:10:41] 2026-02-02 - building preprocessed_data.xlsx
[2026-06-09 11:10:43] 2026-02-02 - running forecast and nowcast
Wrote forecast → data/output/details/2026-01-26/forecast_output.xlsx
Wrote forecast → data/output/details/2026-01-26/nowcast_output.xlsx
[2026-06-09 11:13:52] 2026-01-26 - finished
[2026-06-09 11:13:52] 2026-02-03 - started
[2026-06-09 11:13:52] [89/222] 2026-01-26 - ok
Wrote forecast → data/output/details/2026-01-27/forecast_output.xlsx
Wrote forecast → data/output/details/2026-01-27/nowcast_output.xlsx
[2026-06-09 11:13:56] 2026-01-27 - finished
[2026-06-09 11:13:56] 2026-02-04 - started
[2026-06-09 11:13:56] [90/222] 2026-01-27 - ok
[2026-06-09 11:13:56] 2026-02-03 - building preprocessed_data.xlsx
[2026-06-09 11:13:57] 2026-02-03 - running forecast and nowcast
Wrote forecast → data/output/details/2026-01-28/forecast_output.xlsx
Wrote forecast → data/output/details/2026-01-28/nowcast_output.xlsx
[2026-06-09 11:13:58] 2026-01-28 - finished
[2026-06-09 11:13:58] [91/222] 2026-01-28 - ok
[2026-06-09 11:13:58] 2026-02-05 - started
[2026-06-09 11:14:00] 2026-02-04 - building preprocessed_data.xlsx
[2026-06-09 11:14:00] 2026-02-04 - running forecast and nowcast
[2026-06-09 11:14:01] 2026-02-05 - building preprocessed_data.xlsx
[2026-06-09 11:14:02] 2026-02-05 - running forecast and nowcast
Wrote forecast → data/output/details/2026-01-29/forecast_output.xlsx
Wrote forecast → data/output/details/2026-01-29/nowcast_output.xlsx
[2026-06-09 11:14:03] 2026-01-29 - finished
[2026-06-09 11:14:03] [92/222] 2026-01-29 - ok
[2026-06-09 11:14:03] 2026-02-06 - started
[2026-06-09 11:14:07] 2026-02-06 - building preprocessed_data.xlsx
[2026-06-09 11:14:08] 2026-02-06 - running forecast and nowcast
Wrote forecast → data/output/details/2026-01-30/forecast_output.xlsx
Wrote forecast → data/output/details/2026-01-30/nowcast_output.xlsx
[2026-06-09 11:14:14] 2026-01-30 - finished
[2026-06-09 11:14:14] [93/222] 2026-01-30 - ok
[2026-06-09 11:14:14] 2026-02-07 - started
Wrote forecast → data/output/details/2026-01-31/forecast_output.xlsx
Wrote forecast → data/output/details/2026-01-31/nowcast_output.xlsx
[2026-06-09 11:14:15] 2026-01-31 - finished
[2026-06-09 11:14:15] 2026-02-08 - started
[2026-06-09 11:14:15] [94/222] 2026-01-31 - ok
[2026-06-09 11:14:19] 2026-02-07 - building preprocessed_data.xlsx
[2026-06-09 11:14:20] 2026-02-07 - running forecast and nowcast
[2026-06-09 11:14:20] 2026-02-08 - building preprocessed_data.xlsx
[2026-06-09 11:14:21] 2026-02-08 - running forecast and nowcast
Wrote forecast → data/output/details/2026-02-01/forecast_output.xlsx
Wrote forecast → data/output/details/2026-02-01/nowcast_output.xlsx
[2026-06-09 11:14:23] 2026-02-01 - finished
[2026-06-09 11:14:23] 2026-02-09 - started
[2026-06-09 11:14:23] [95/222] 2026-02-01 - ok
Wrote forecast → data/output/details/2026-02-02/forecast_output.xlsx
Wrote forecast → data/output/details/2026-02-02/nowcast_output.xlsx
[2026-06-09 11:14:26] 2026-02-02 - finished
[2026-06-09 11:14:26] 2026-02-10 - started
[2026-06-09 11:14:26] [96/222] 2026-02-02 - ok
[2026-06-09 11:14:26] 2026-02-09 - building preprocessed_data.xlsx
[2026-06-09 11:14:27] 2026-02-09 - running forecast and nowcast
[2026-06-09 11:14:29] 2026-02-10 - building preprocessed_data.xlsx
[2026-06-09 11:14:30] 2026-02-10 - running forecast and nowcast
Wrote forecast → data/output/details/2026-02-03/forecast_output.xlsx
Wrote forecast → data/output/details/2026-02-03/nowcast_output.xlsx
[2026-06-09 11:16:50] 2026-02-03 - finished
[2026-06-09 11:16:50] 2026-02-11 - started
[2026-06-09 11:16:50] [97/222] 2026-02-03 - ok
[2026-06-09 11:16:53] 2026-02-11 - building preprocessed_data.xlsx
Wrote forecast → data/output/details/2026-02-04/forecast_output.xlsx
Wrote forecast → data/output/details/2026-02-04/nowcast_output.xlsx
[2026-06-09 11:16:54] 2026-02-04 - finished
[2026-06-09 11:16:54] 2026-02-12 - started
[2026-06-09 11:16:54] [98/222] 2026-02-04 - ok
[2026-06-09 11:16:54] 2026-02-11 - running forecast and nowcast
Wrote forecast → data/output/details/2026-02-05/forecast_output.xlsx
Wrote forecast → data/output/details/2026-02-05/nowcast_output.xlsx
[2026-06-09 11:16:56] 2026-02-05 - finished
[2026-06-09 11:16:56] 2026-02-13 - started
[2026-06-09 11:16:56] [99/222] 2026-02-05 - ok
[2026-06-09 11:16:58] 2026-02-12 - building preprocessed_data.xlsx
[2026-06-09 11:16:59] 2026-02-12 - running forecast and nowcast
[2026-06-09 11:17:00] 2026-02-13 - building preprocessed_data.xlsx
[2026-06-09 11:17:01] 2026-02-13 - running forecast and nowcast
Wrote forecast → data/output/details/2026-02-06/forecast_output.xlsx
Wrote forecast → data/output/details/2026-02-06/nowcast_output.xlsx
[2026-06-09 11:17:02] 2026-02-06 - finished
[2026-06-09 11:17:02] 2026-02-14 - started
[2026-06-09 11:17:02] [100/222] 2026-02-06 - ok
[2026-06-09 11:17:05] 2026-02-14 - building preprocessed_data.xlsx
[2026-06-09 11:17:06] 2026-02-14 - running forecast and nowcast
Wrote forecast → data/output/details/2026-02-07/forecast_output.xlsx
Wrote forecast → data/output/details/2026-02-07/nowcast_output.xlsx
[2026-06-09 11:17:14] 2026-02-07 - finished
[2026-06-09 11:17:14] [101/222] 2026-02-07 - ok
[2026-06-09 11:17:14] 2026-02-15 - started
Wrote forecast → data/output/details/2026-02-08/forecast_output.xlsx
Wrote forecast → data/output/details/2026-02-08/nowcast_output.xlsx
[2026-06-09 11:17:14] 2026-02-08 - finished
[2026-06-09 11:17:14] 2026-02-16 - started
[2026-06-09 11:17:14] [102/222] 2026-02-08 - ok
[2026-06-09 11:17:18] 2026-02-15 - building preprocessed_data.xlsx
[2026-06-09 11:17:18] 2026-02-16 - building preprocessed_data.xlsx
[2026-06-09 11:17:19] 2026-02-15 - running forecast and nowcast
[2026-06-09 11:17:19] 2026-02-16 - running forecast and nowcast
Wrote forecast → data/output/details/2026-02-09/forecast_output.xlsx
Wrote forecast → data/output/details/2026-02-09/nowcast_output.xlsx
[2026-06-09 11:17:22] 2026-02-09 - finished
[2026-06-09 11:17:22] 2026-02-17 - started
[2026-06-09 11:17:22] [103/222] 2026-02-09 - ok
Wrote forecast → data/output/details/2026-02-10/forecast_output.xlsx
Wrote forecast → data/output/details/2026-02-10/nowcast_output.xlsx
[2026-06-09 11:17:25] 2026-02-10 - finished
[2026-06-09 11:17:25] 2026-02-18 - started
[2026-06-09 11:17:25] [104/222] 2026-02-10 - ok
[2026-06-09 11:17:25] 2026-02-17 - building preprocessed_data.xlsx
[2026-06-09 11:17:26] 2026-02-17 - running forecast and nowcast
[2026-06-09 11:17:28] 2026-02-18 - building preprocessed_data.xlsx
[2026-06-09 11:17:29] 2026-02-18 - running forecast and nowcast
Wrote forecast → data/output/details/2026-02-11/forecast_output.xlsx
Wrote forecast → data/output/details/2026-02-11/nowcast_output.xlsx
[2026-06-09 11:20:06] 2026-02-11 - finished
[2026-06-09 11:20:06] [105/222] 2026-02-11 - ok
[2026-06-09 11:20:06] 2026-02-19 - started
[2026-06-09 11:20:09] 2026-02-19 - building preprocessed_data.xlsx
[2026-06-09 11:20:10] 2026-02-19 - running forecast and nowcast
Wrote forecast → data/output/details/2026-02-12/forecast_output.xlsx
Wrote forecast → data/output/details/2026-02-12/nowcast_output.xlsx
[2026-06-09 11:20:10] 2026-02-12 - finished
[2026-06-09 11:20:10] 2026-02-20 - started
[2026-06-09 11:20:10] [106/222] 2026-02-12 - ok
Wrote forecast → data/output/details/2026-02-13/forecast_output.xlsx
Wrote forecast → data/output/details/2026-02-13/nowcast_output.xlsx
[2026-06-09 11:20:12] 2026-02-13 - finished
[2026-06-09 11:20:12] 2026-02-21 - started
[2026-06-09 11:20:12] [107/222] 2026-02-13 - ok
[2026-06-09 11:20:14] 2026-02-20 - building preprocessed_data.xlsx
[2026-06-09 11:20:14] 2026-02-20 - running forecast and nowcast
[2026-06-09 11:20:15] 2026-02-21 - building preprocessed_data.xlsx
[2026-06-09 11:20:16] 2026-02-21 - running forecast and nowcast
Wrote forecast → data/output/details/2026-02-14/forecast_output.xlsx
Wrote forecast → data/output/details/2026-02-14/nowcast_output.xlsx
[2026-06-09 11:20:17] 2026-02-14 - finished
[2026-06-09 11:20:17] 2026-02-22 - started
[2026-06-09 11:20:17] [108/222] 2026-02-14 - ok
[2026-06-09 11:20:20] 2026-02-22 - building preprocessed_data.xlsx
[2026-06-09 11:20:20] 2026-02-22 - running forecast and nowcast
Wrote forecast → data/output/details/2026-02-15/forecast_output.xlsx
Wrote forecast → data/output/details/2026-02-15/nowcast_output.xlsx
[2026-06-09 11:20:27] 2026-02-15 - finished
[2026-06-09 11:20:27] 2026-02-23 - started
[2026-06-09 11:20:27] [109/222] 2026-02-15 - ok
Wrote forecast → data/output/details/2026-02-16/forecast_output.xlsx
Wrote forecast → data/output/details/2026-02-16/nowcast_output.xlsx
[2026-06-09 11:20:27] 2026-02-16 - finished
[2026-06-09 11:20:27] 2026-02-24 - started
[2026-06-09 11:20:27] [110/222] 2026-02-16 - ok
[2026-06-09 11:20:30] 2026-02-23 - building preprocessed_data.xlsx
[2026-06-09 11:20:31] 2026-02-23 - running forecast and nowcast
[2026-06-09 11:20:31] 2026-02-24 - building preprocessed_data.xlsx
[2026-06-09 11:20:31] 2026-02-24 - running forecast and nowcast
Wrote forecast → data/output/details/2026-02-17/forecast_output.xlsx
Wrote forecast → data/output/details/2026-02-17/nowcast_output.xlsx
[2026-06-09 11:20:34] 2026-02-17 - finished
[2026-06-09 11:20:34] 2026-02-25 - started
[2026-06-09 11:20:34] [111/222] 2026-02-17 - ok
Wrote forecast → data/output/details/2026-02-18/forecast_output.xlsx
Wrote forecast → data/output/details/2026-02-18/nowcast_output.xlsx
[2026-06-09 11:20:37] 2026-02-18 - finished
[2026-06-09 11:20:37] 2026-02-26 - started
[2026-06-09 11:20:37] [112/222] 2026-02-18 - ok
[2026-06-09 11:20:37] 2026-02-25 - building preprocessed_data.xlsx
[2026-06-09 11:20:38] 2026-02-25 - running forecast and nowcast
[2026-06-09 11:20:40] 2026-02-26 - building preprocessed_data.xlsx
[2026-06-09 11:20:41] 2026-02-26 - running forecast and nowcast
Wrote forecast → data/output/details/2026-02-19/forecast_output.xlsx
Wrote forecast → data/output/details/2026-02-19/nowcast_output.xlsx
[2026-06-09 11:22:13] 2026-02-19 - finished
[2026-06-09 11:22:13] [113/222] 2026-02-19 - ok
[2026-06-09 11:22:13] 2026-02-27 - started
[2026-06-09 11:22:16] 2026-02-27 - building preprocessed_data.xlsx
[2026-06-09 11:22:16] 2026-02-27 - running forecast and nowcast
Wrote forecast → data/output/details/2026-02-20/forecast_output.xlsx
Wrote forecast → data/output/details/2026-02-20/nowcast_output.xlsx
[2026-06-09 11:22:17] 2026-02-20 - finished
[2026-06-09 11:22:17] 2026-02-28 - started
[2026-06-09 11:22:17] [114/222] 2026-02-20 - ok
Wrote forecast → data/output/details/2026-02-21/forecast_output.xlsx
Wrote forecast → data/output/details/2026-02-21/nowcast_output.xlsx
[2026-06-09 11:22:18] 2026-02-21 - finished
[2026-06-09 11:22:18] [115/222] 2026-02-21 - ok
[2026-06-09 11:22:18] 2026-03-01 - started
[2026-06-09 11:22:19] 2026-02-28 - building preprocessed_data.xlsx
[2026-06-09 11:22:20] 2026-02-28 - running forecast and nowcast
[2026-06-09 11:22:21] 2026-03-01 - building preprocessed_data.xlsx
[2026-06-09 11:22:21] 2026-03-01 - running forecast and nowcast
Wrote forecast → data/output/details/2026-02-22/forecast_output.xlsx
Wrote forecast → data/output/details/2026-02-22/nowcast_output.xlsx
[2026-06-09 11:22:23] 2026-02-22 - finished
[2026-06-09 11:22:23] 2026-03-02 - started
[2026-06-09 11:22:23] [116/222] 2026-02-22 - ok
[2026-06-09 11:22:25] 2026-03-02 - building preprocessed_data.xlsx
[2026-06-09 11:22:26] 2026-03-02 - running forecast and nowcast
Wrote forecast → data/output/details/2026-02-23/forecast_output.xlsx
Wrote forecast → data/output/details/2026-02-23/nowcast_output.xlsx
[2026-06-09 11:22:32] 2026-02-23 - finished
[2026-06-09 11:22:32] 2026-03-03 - started
[2026-06-09 11:22:32] [117/222] 2026-02-23 - ok
Wrote forecast → data/output/details/2026-02-24/forecast_output.xlsx
Wrote forecast → data/output/details/2026-02-24/nowcast_output.xlsx
[2026-06-09 11:22:32] 2026-02-24 - finished
[2026-06-09 11:22:32] 2026-03-04 - started
[2026-06-09 11:22:32] [118/222] 2026-02-24 - ok
[2026-06-09 11:22:34] 2026-03-03 - building preprocessed_data.xlsx
[2026-06-09 11:22:35] 2026-03-03 - running forecast and nowcast
[2026-06-09 11:22:35] 2026-03-04 - building preprocessed_data.xlsx
[2026-06-09 11:22:36] 2026-03-04 - running forecast and nowcast
Wrote forecast → data/output/details/2026-02-25/forecast_output.xlsx
Wrote forecast → data/output/details/2026-02-25/nowcast_output.xlsx
[2026-06-09 11:22:38] 2026-02-25 - finished
[2026-06-09 11:22:38] 2026-03-05 - started
[2026-06-09 11:22:38] [119/222] 2026-02-25 - ok
Wrote forecast → data/output/details/2026-02-26/forecast_output.xlsx
Wrote forecast → data/output/details/2026-02-26/nowcast_output.xlsx
[2026-06-09 11:22:40] 2026-02-26 - finished
[2026-06-09 11:22:40] 2026-03-06 - started
[2026-06-09 11:22:40] [120/222] 2026-02-26 - ok
[2026-06-09 11:22:40] 2026-03-05 - building preprocessed_data.xlsx
[2026-06-09 11:22:41] 2026-03-05 - running forecast and nowcast
[2026-06-09 11:22:42] 2026-03-06 - building preprocessed_data.xlsx
[2026-06-09 11:22:43] 2026-03-06 - running forecast and nowcast
Wrote forecast → data/output/details/2026-02-27/forecast_output.xlsx
Wrote forecast → data/output/details/2026-02-27/nowcast_output.xlsx
[2026-06-09 11:24:05] 2026-02-27 - finished
[2026-06-09 11:24:05] 2026-03-07 - started
[2026-06-09 11:24:05] [121/222] 2026-02-27 - ok
[2026-06-09 11:24:08] 2026-03-07 - building preprocessed_data.xlsx
[2026-06-09 11:24:08] 2026-03-07 - running forecast and nowcast
Wrote forecast → data/output/details/2026-02-28/forecast_output.xlsx
Wrote forecast → data/output/details/2026-02-28/nowcast_output.xlsx
[2026-06-09 11:24:09] 2026-02-28 - finished
[2026-06-09 11:24:09] 2026-03-08 - started
[2026-06-09 11:24:09] [122/222] 2026-02-28 - ok
Wrote forecast → data/output/details/2026-03-01/forecast_output.xlsx
Wrote forecast → data/output/details/2026-03-01/nowcast_output.xlsx
[2026-06-09 11:24:11] 2026-03-01 - finished
[2026-06-09 11:24:11] 2026-03-09 - started
[2026-06-09 11:24:11] [123/222] 2026-03-01 - ok
[2026-06-09 11:24:11] 2026-03-08 - building preprocessed_data.xlsx
[2026-06-09 11:24:12] 2026-03-08 - running forecast and nowcast
[2026-06-09 11:24:13] 2026-03-09 - building preprocessed_data.xlsx
[2026-06-09 11:24:14] 2026-03-09 - running forecast and nowcast
Wrote forecast → data/output/details/2026-03-02/forecast_output.xlsx
Wrote forecast → data/output/details/2026-03-02/nowcast_output.xlsx
[2026-06-09 11:24:15] 2026-03-02 - finished
[2026-06-09 11:24:15] 2026-03-10 - started
[2026-06-09 11:24:15] [124/222] 2026-03-02 - ok
[2026-06-09 11:24:18] 2026-03-10 - building preprocessed_data.xlsx
[2026-06-09 11:24:18] 2026-03-10 - running forecast and nowcast
Wrote forecast → data/output/details/2026-03-03/forecast_output.xlsx
Wrote forecast → data/output/details/2026-03-03/nowcast_output.xlsx
[2026-06-09 11:24:24] 2026-03-03 - finished
[2026-06-09 11:24:24] 2026-03-11 - started
[2026-06-09 11:24:24] [125/222] 2026-03-03 - ok
Wrote forecast → data/output/details/2026-03-04/forecast_output.xlsx
Wrote forecast → data/output/details/2026-03-04/nowcast_output.xlsx
[2026-06-09 11:24:25] 2026-03-04 - finished
[2026-06-09 11:24:25] [126/222] 2026-03-04 - ok
[2026-06-09 11:24:25] 2026-03-12 - started
[2026-06-09 11:24:26] 2026-03-11 - building preprocessed_data.xlsx
[2026-06-09 11:24:27] 2026-03-11 - running forecast and nowcast
[2026-06-09 11:24:27] 2026-03-12 - building preprocessed_data.xlsx
[2026-06-09 11:24:27] 2026-03-12 - running forecast and nowcast
Wrote forecast → data/output/details/2026-03-05/forecast_output.xlsx
Wrote forecast → data/output/details/2026-03-05/nowcast_output.xlsx
[2026-06-09 11:24:30] 2026-03-05 - finished
[2026-06-09 11:24:30] 2026-03-13 - started
[2026-06-09 11:24:30] [127/222] 2026-03-05 - ok
Wrote forecast → data/output/details/2026-03-06/forecast_output.xlsx
Wrote forecast → data/output/details/2026-03-06/nowcast_output.xlsx
[2026-06-09 11:24:32] 2026-03-06 - finished
[2026-06-09 11:24:32] 2026-03-14 - started
[2026-06-09 11:24:32] [128/222] 2026-03-06 - ok
[2026-06-09 11:24:32] 2026-03-13 - building preprocessed_data.xlsx
[2026-06-09 11:24:33] 2026-03-13 - running forecast and nowcast
[2026-06-09 11:24:34] 2026-03-14 - building preprocessed_data.xlsx
[2026-06-09 11:24:35] 2026-03-14 - running forecast and nowcast
Wrote forecast → data/output/details/2026-03-07/forecast_output.xlsx
Wrote forecast → data/output/details/2026-03-07/nowcast_output.xlsx
[2026-06-09 11:25:54] 2026-03-07 - finished
[2026-06-09 11:25:54] 2026-03-15 - started
[2026-06-09 11:25:54] [129/222] 2026-03-07 - ok
[2026-06-09 11:25:56] 2026-03-15 - building preprocessed_data.xlsx
[2026-06-09 11:25:57] 2026-03-15 - running forecast and nowcast
Wrote forecast → data/output/details/2026-03-08/forecast_output.xlsx
Wrote forecast → data/output/details/2026-03-08/nowcast_output.xlsx
[2026-06-09 11:25:58] 2026-03-08 - finished
[2026-06-09 11:25:58] 2026-03-16 - started
[2026-06-09 11:25:58] [130/222] 2026-03-08 - ok
Wrote forecast → data/output/details/2026-03-09/forecast_output.xlsx
Wrote forecast → data/output/details/2026-03-09/nowcast_output.xlsx
[2026-06-09 11:26:00] 2026-03-09 - finished
[2026-06-09 11:26:00] [131/222] 2026-03-09 - ok
[2026-06-09 11:26:00] 2026-03-17 - started
[2026-06-09 11:26:00] 2026-03-16 - building preprocessed_data.xlsx
[2026-06-09 11:26:00] 2026-03-16 - running forecast and nowcast
[2026-06-09 11:26:02] 2026-03-17 - building preprocessed_data.xlsx
[2026-06-09 11:26:02] 2026-03-17 - running forecast and nowcast
Wrote forecast → data/output/details/2026-03-10/forecast_output.xlsx
Wrote forecast → data/output/details/2026-03-10/nowcast_output.xlsx
[2026-06-09 11:26:04] 2026-03-10 - finished
[2026-06-09 11:26:04] [132/222] 2026-03-10 - ok
[2026-06-09 11:26:04] 2026-03-18 - started
[2026-06-09 11:26:06] 2026-03-18 - building preprocessed_data.xlsx
[2026-06-09 11:26:06] 2026-03-18 - running forecast and nowcast
Wrote forecast → data/output/details/2026-03-11/forecast_output.xlsx
Wrote forecast → data/output/details/2026-03-11/nowcast_output.xlsx
[2026-06-09 11:26:12] 2026-03-11 - finished
[2026-06-09 11:26:12] 2026-03-19 - started
[2026-06-09 11:26:12] [133/222] 2026-03-11 - ok
Wrote forecast → data/output/details/2026-03-12/forecast_output.xlsx
Wrote forecast → data/output/details/2026-03-12/nowcast_output.xlsx
[2026-06-09 11:26:13] 2026-03-12 - finished
[2026-06-09 11:26:13] [134/222] 2026-03-12 - ok
[2026-06-09 11:26:13] 2026-03-20 - started
[2026-06-09 11:26:15] 2026-03-19 - building preprocessed_data.xlsx
[2026-06-09 11:26:15] 2026-03-19 - running forecast and nowcast
[2026-06-09 11:26:16] 2026-03-20 - building preprocessed_data.xlsx
[2026-06-09 11:26:16] 2026-03-20 - running forecast and nowcast
Wrote forecast → data/output/details/2026-03-13/forecast_output.xlsx
Wrote forecast → data/output/details/2026-03-13/nowcast_output.xlsx
[2026-06-09 11:26:20] 2026-03-13 - finished
[2026-06-09 11:26:20] 2026-03-21 - started
[2026-06-09 11:26:20] [135/222] 2026-03-13 - ok
Wrote forecast → data/output/details/2026-03-14/forecast_output.xlsx
Wrote forecast → data/output/details/2026-03-14/nowcast_output.xlsx
[2026-06-09 11:26:22] 2026-03-14 - finished
[2026-06-09 11:26:22] 2026-03-22 - started
[2026-06-09 11:26:22] [136/222] 2026-03-14 - ok
[2026-06-09 11:26:22] 2026-03-21 - building preprocessed_data.xlsx
[2026-06-09 11:26:23] 2026-03-21 - running forecast and nowcast
[2026-06-09 11:26:24] 2026-03-22 - building preprocessed_data.xlsx
[2026-06-09 11:26:24] 2026-03-22 - running forecast and nowcast
Wrote forecast → data/output/details/2026-03-15/forecast_output.xlsx
Wrote forecast → data/output/details/2026-03-15/nowcast_output.xlsx
[2026-06-09 11:27:44] 2026-03-15 - finished
[2026-06-09 11:27:44] 2026-03-23 - started
[2026-06-09 11:27:44] [137/222] 2026-03-15 - ok
[2026-06-09 11:27:46] 2026-03-23 - building preprocessed_data.xlsx
[2026-06-09 11:27:47] 2026-03-23 - running forecast and nowcast
Wrote forecast → data/output/details/2026-03-16/forecast_output.xlsx
Wrote forecast → data/output/details/2026-03-16/nowcast_output.xlsx
[2026-06-09 11:27:48] 2026-03-16 - finished
[2026-06-09 11:27:48] 2026-03-24 - started
[2026-06-09 11:27:48] [138/222] 2026-03-16 - ok
[2026-06-09 11:27:50] 2026-03-24 - building preprocessed_data.xlsx
Wrote forecast → data/output/details/2026-03-17/forecast_output.xlsx
Wrote forecast → data/output/details/2026-03-17/nowcast_output.xlsx
[2026-06-09 11:27:50] 2026-03-17 - finished
[2026-06-09 11:27:50] 2026-03-25 - started
[2026-06-09 11:27:50] [139/222] 2026-03-17 - ok
[2026-06-09 11:27:50] 2026-03-24 - running forecast and nowcast
[2026-06-09 11:27:52] 2026-03-25 - building preprocessed_data.xlsx
[2026-06-09 11:27:52] 2026-03-25 - running forecast and nowcast
Wrote forecast → data/output/details/2026-03-18/forecast_output.xlsx
Wrote forecast → data/output/details/2026-03-18/nowcast_output.xlsx
[2026-06-09 11:27:54] 2026-03-18 - finished
[2026-06-09 11:27:54] 2026-03-26 - started
[2026-06-09 11:27:54] [140/222] 2026-03-18 - ok
[2026-06-09 11:27:56] 2026-03-26 - building preprocessed_data.xlsx
[2026-06-09 11:27:56] 2026-03-26 - running forecast and nowcast
Wrote forecast → data/output/details/2026-03-19/forecast_output.xlsx
Wrote forecast → data/output/details/2026-03-19/nowcast_output.xlsx
[2026-06-09 11:28:02] 2026-03-19 - finished
[2026-06-09 11:28:02] 2026-03-27 - started
[2026-06-09 11:28:02] [141/222] 2026-03-19 - ok
Wrote forecast → data/output/details/2026-03-20/forecast_output.xlsx
Wrote forecast → data/output/details/2026-03-20/nowcast_output.xlsx
[2026-06-09 11:28:03] 2026-03-20 - finished
[2026-06-09 11:28:03] [142/222] 2026-03-20 - ok
[2026-06-09 11:28:03] 2026-03-28 - started
[2026-06-09 11:28:04] 2026-03-27 - building preprocessed_data.xlsx
[2026-06-09 11:28:04] 2026-03-27 - running forecast and nowcast
[2026-06-09 11:28:05] 2026-03-28 - building preprocessed_data.xlsx
[2026-06-09 11:28:05] 2026-03-28 - running forecast and nowcast
Wrote forecast → data/output/details/2026-03-21/forecast_output.xlsx
Wrote forecast → data/output/details/2026-03-21/nowcast_output.xlsx
[2026-06-09 11:28:09] 2026-03-21 - finished
[2026-06-09 11:28:09] [143/222] 2026-03-21 - ok
[2026-06-09 11:28:09] 2026-03-29 - started
Wrote forecast → data/output/details/2026-03-22/forecast_output.xlsx
Wrote forecast → data/output/details/2026-03-22/nowcast_output.xlsx
[2026-06-09 11:28:10] 2026-03-22 - finished
[2026-06-09 11:28:10] 2026-03-30 - started
[2026-06-09 11:28:10] [144/222] 2026-03-22 - ok
[2026-06-09 11:28:11] 2026-03-29 - building preprocessed_data.xlsx
[2026-06-09 11:28:11] 2026-03-29 - running forecast and nowcast
[2026-06-09 11:28:12] 2026-03-30 - building preprocessed_data.xlsx
[2026-06-09 11:28:13] 2026-03-30 - running forecast and nowcast
Wrote forecast → data/output/details/2026-03-23/forecast_output.xlsx
Wrote forecast → data/output/details/2026-03-23/nowcast_output.xlsx
[2026-06-09 11:29:31] 2026-03-23 - finished
[2026-06-09 11:29:31] 2026-03-31 - started
[2026-06-09 11:29:31] [145/222] 2026-03-23 - ok
[2026-06-09 11:29:33] 2026-03-31 - building preprocessed_data.xlsx
[2026-06-09 11:29:33] 2026-03-31 - running forecast and nowcast
Wrote forecast → data/output/details/2026-03-24/forecast_output.xlsx
Wrote forecast → data/output/details/2026-03-24/nowcast_output.xlsx
[2026-06-09 11:29:35] 2026-03-24 - finished
[2026-06-09 11:29:35] 2026-04-01 - started
[2026-06-09 11:29:35] [146/222] 2026-03-24 - ok
[2026-06-09 11:29:37] 2026-04-01 - building preprocessed_data.xlsx
Wrote forecast → data/output/details/2026-03-25/forecast_output.xlsx
Wrote forecast → data/output/details/2026-03-25/nowcast_output.xlsx
[2026-06-09 11:29:37] 2026-03-25 - finished
[2026-06-09 11:29:37] 2026-04-02 - started
[2026-06-09 11:29:37] [147/222] 2026-03-25 - ok
[2026-06-09 11:29:37] 2026-04-01 - running forecast and nowcast
[2026-06-09 11:29:39] 2026-04-02 - building preprocessed_data.xlsx
[2026-06-09 11:29:39] 2026-04-02 - running forecast and nowcast
Wrote forecast → data/output/details/2026-03-26/forecast_output.xlsx
Wrote forecast → data/output/details/2026-03-26/nowcast_output.xlsx
[2026-06-09 11:29:42] 2026-03-26 - finished
[2026-06-09 11:29:42] 2026-04-03 - started
[2026-06-09 11:29:42] [148/222] 2026-03-26 - ok
[2026-06-09 11:29:44] 2026-04-03 - building preprocessed_data.xlsx
[2026-06-09 11:29:44] 2026-04-03 - running forecast and nowcast
Wrote forecast → data/output/details/2026-03-27/forecast_output.xlsx
Wrote forecast → data/output/details/2026-03-27/nowcast_output.xlsx
[2026-06-09 11:29:50] 2026-03-27 - finished
[2026-06-09 11:29:50] 2026-04-04 - started
[2026-06-09 11:29:50] [149/222] 2026-03-27 - ok
Wrote forecast → data/output/details/2026-03-28/forecast_output.xlsx
Wrote forecast → data/output/details/2026-03-28/nowcast_output.xlsx
[2026-06-09 11:29:51] 2026-03-28 - finished
[2026-06-09 11:29:51] 2026-04-05 - started
[2026-06-09 11:29:51] [150/222] 2026-03-28 - ok
[2026-06-09 11:29:52] 2026-04-04 - building preprocessed_data.xlsx
[2026-06-09 11:29:53] 2026-04-04 - running forecast and nowcast
[2026-06-09 11:29:54] 2026-04-05 - building preprocessed_data.xlsx
[2026-06-09 11:29:54] 2026-04-05 - running forecast and nowcast
Wrote forecast → data/output/details/2026-03-29/forecast_output.xlsx
Wrote forecast → data/output/details/2026-03-29/nowcast_output.xlsx
[2026-06-09 11:30:00] 2026-03-29 - finished
[2026-06-09 11:30:00] [151/222] 2026-03-29 - ok
[2026-06-09 11:30:00] 2026-04-06 - started
Wrote forecast → data/output/details/2026-03-30/forecast_output.xlsx
Wrote forecast → data/output/details/2026-03-30/nowcast_output.xlsx
[2026-06-09 11:30:01] 2026-03-30 - finished
[2026-06-09 11:30:01] [152/222] 2026-03-30 - ok
[2026-06-09 11:30:01] 2026-04-07 - started
[2026-06-09 11:30:02] 2026-04-06 - building preprocessed_data.xlsx
[2026-06-09 11:30:03] 2026-04-06 - running forecast and nowcast
[2026-06-09 11:30:04] 2026-04-07 - building preprocessed_data.xlsx
[2026-06-09 11:30:05] 2026-04-07 - running forecast and nowcast
Wrote forecast → data/output/details/2026-03-31/forecast_output.xlsx
Wrote forecast → data/output/details/2026-03-31/nowcast_output.xlsx
[2026-06-09 11:33:08] 2026-03-31 - finished
[2026-06-09 11:33:08] [153/222] 2026-03-31 - ok
[2026-06-09 11:33:08] 2026-04-08 - started
[2026-06-09 11:33:12] 2026-04-08 - building preprocessed_data.xlsx
[2026-06-09 11:33:13] 2026-04-08 - running forecast and nowcast
Wrote forecast → data/output/details/2026-04-01/forecast_output.xlsx
Wrote forecast → data/output/details/2026-04-01/nowcast_output.xlsx
[2026-06-09 11:33:16] 2026-04-01 - finished
[2026-06-09 11:33:16] 2026-04-09 - started
[2026-06-09 11:33:16] [154/222] 2026-04-01 - ok
[2026-06-09 11:33:19] 2026-04-09 - building preprocessed_data.xlsx
Wrote forecast → data/output/details/2026-04-02/forecast_output.xlsx
Wrote forecast → data/output/details/2026-04-02/nowcast_output.xlsx
[2026-06-09 11:33:20] 2026-04-02 - finished
[2026-06-09 11:33:20] 2026-04-10 - started
[2026-06-09 11:33:20] [155/222] 2026-04-02 - ok
[2026-06-09 11:33:20] 2026-04-09 - running forecast and nowcast
[2026-06-09 11:33:25] 2026-04-10 - building preprocessed_data.xlsx
[2026-06-09 11:33:26] 2026-04-10 - running forecast and nowcast
Wrote forecast → data/output/details/2026-04-03/forecast_output.xlsx
Wrote forecast → data/output/details/2026-04-03/nowcast_output.xlsx
[2026-06-09 11:33:31] 2026-04-03 - finished
[2026-06-09 11:33:31] 2026-04-11 - started
[2026-06-09 11:33:31] [156/222] 2026-04-03 - ok
[2026-06-09 11:33:35] 2026-04-11 - building preprocessed_data.xlsx
[2026-06-09 11:33:37] 2026-04-11 - running forecast and nowcast
Wrote forecast → data/output/details/2026-04-04/forecast_output.xlsx
Wrote forecast → data/output/details/2026-04-04/nowcast_output.xlsx
[2026-06-09 11:33:47] 2026-04-04 - finished
[2026-06-09 11:33:47] 2026-04-12 - started
[2026-06-09 11:33:47] [157/222] 2026-04-04 - ok
Wrote forecast → data/output/details/2026-04-05/forecast_output.xlsx
Wrote forecast → data/output/details/2026-04-05/nowcast_output.xlsx
[2026-06-09 11:33:50] 2026-04-05 - finished
[2026-06-09 11:33:50] 2026-04-13 - started
[2026-06-09 11:33:50] [158/222] 2026-04-05 - ok
[2026-06-09 11:33:51] 2026-04-12 - building preprocessed_data.xlsx
[2026-06-09 11:33:51] 2026-04-12 - running forecast and nowcast
[2026-06-09 11:33:53] 2026-04-13 - building preprocessed_data.xlsx
[2026-06-09 11:33:54] 2026-04-13 - running forecast and nowcast
Wrote forecast → data/output/details/2026-04-06/forecast_output.xlsx
Wrote forecast → data/output/details/2026-04-06/nowcast_output.xlsx
[2026-06-09 11:34:02] 2026-04-06 - finished
[2026-06-09 11:34:02] 2026-04-14 - started
[2026-06-09 11:34:02] [159/222] 2026-04-06 - ok
Wrote forecast → data/output/details/2026-04-07/forecast_output.xlsx
Wrote forecast → data/output/details/2026-04-07/nowcast_output.xlsx
[2026-06-09 11:34:05] 2026-04-07 - finished
[2026-06-09 11:34:05] 2026-04-15 - started
[2026-06-09 11:34:05] [160/222] 2026-04-07 - ok
[2026-06-09 11:34:06] 2026-04-14 - building preprocessed_data.xlsx
[2026-06-09 11:34:07] 2026-04-14 - running forecast and nowcast
[2026-06-09 11:34:08] 2026-04-15 - building preprocessed_data.xlsx
[2026-06-09 11:34:09] 2026-04-15 - running forecast and nowcast
Wrote forecast → data/output/details/2026-04-08/forecast_output.xlsx
Wrote forecast → data/output/details/2026-04-08/nowcast_output.xlsx
[2026-06-09 11:36:19] 2026-04-08 - finished
[2026-06-09 11:36:19] 2026-04-16 - started
[2026-06-09 11:36:19] [161/222] 2026-04-08 - ok
[2026-06-09 11:36:22] 2026-04-16 - building preprocessed_data.xlsx
[2026-06-09 11:36:23] 2026-04-16 - running forecast and nowcast
Wrote forecast → data/output/details/2026-04-09/forecast_output.xlsx
Wrote forecast → data/output/details/2026-04-09/nowcast_output.xlsx
[2026-06-09 11:36:26] 2026-04-09 - finished
[2026-06-09 11:36:26] 2026-04-17 - started
[2026-06-09 11:36:26] [162/222] 2026-04-09 - ok
[2026-06-09 11:36:29] 2026-04-17 - building preprocessed_data.xlsx
[2026-06-09 11:36:30] 2026-04-17 - running forecast and nowcast
Wrote forecast → data/output/details/2026-04-10/forecast_output.xlsx
Wrote forecast → data/output/details/2026-04-10/nowcast_output.xlsx
[2026-06-09 11:36:30] 2026-04-10 - finished
[2026-06-09 11:36:30] 2026-04-18 - started
[2026-06-09 11:36:30] [163/222] 2026-04-10 - ok
[2026-06-09 11:36:33] 2026-04-18 - building preprocessed_data.xlsx
[2026-06-09 11:36:34] 2026-04-18 - running forecast and nowcast
Wrote forecast → data/output/details/2026-04-11/forecast_output.xlsx
Wrote forecast → data/output/details/2026-04-11/nowcast_output.xlsx
[2026-06-09 11:36:38] 2026-04-11 - finished
[2026-06-09 11:36:38] 2026-04-19 - started
[2026-06-09 11:36:38] [164/222] 2026-04-11 - ok
[2026-06-09 11:36:41] 2026-04-19 - building preprocessed_data.xlsx
[2026-06-09 11:36:42] 2026-04-19 - running forecast and nowcast
Wrote forecast → data/output/details/2026-04-12/forecast_output.xlsx
Wrote forecast → data/output/details/2026-04-12/nowcast_output.xlsx
[2026-06-09 11:36:49] 2026-04-12 - finished
[2026-06-09 11:36:49] 2026-04-20 - started
[2026-06-09 11:36:49] [165/222] 2026-04-12 - ok
Wrote forecast → data/output/details/2026-04-13/forecast_output.xlsx
Wrote forecast → data/output/details/2026-04-13/nowcast_output.xlsx
[2026-06-09 11:36:51] 2026-04-13 - finished
[2026-06-09 11:36:51] 2026-04-21 - started
[2026-06-09 11:36:51] [166/222] 2026-04-13 - ok
[2026-06-09 11:36:52] 2026-04-20 - building preprocessed_data.xlsx
[2026-06-09 11:36:52] 2026-04-20 - running forecast and nowcast
[2026-06-09 11:36:54] 2026-04-21 - building preprocessed_data.xlsx
[2026-06-09 11:36:54] 2026-04-21 - running forecast and nowcast
Wrote forecast → data/output/details/2026-04-14/forecast_output.xlsx
Wrote forecast → data/output/details/2026-04-14/nowcast_output.xlsx
[2026-06-09 11:37:02] 2026-04-14 - finished
[2026-06-09 11:37:02] 2026-04-22 - started
[2026-06-09 11:37:02] [167/222] 2026-04-14 - ok
Wrote forecast → data/output/details/2026-04-15/forecast_output.xlsx
Wrote forecast → data/output/details/2026-04-15/nowcast_output.xlsx
[2026-06-09 11:37:05] 2026-04-15 - finished
[2026-06-09 11:37:05] 2026-04-23 - started
[2026-06-09 11:37:05] [168/222] 2026-04-15 - ok
[2026-06-09 11:37:06] 2026-04-22 - building preprocessed_data.xlsx
[2026-06-09 11:37:07] 2026-04-22 - running forecast and nowcast
[2026-06-09 11:37:10] 2026-04-23 - building preprocessed_data.xlsx
[2026-06-09 11:37:11] 2026-04-23 - running forecast and nowcast
Wrote forecast → data/output/details/2026-04-16/forecast_output.xlsx
Wrote forecast → data/output/details/2026-04-16/nowcast_output.xlsx
[2026-06-09 11:39:04] 2026-04-16 - finished
[2026-06-09 11:39:04] [169/222] 2026-04-16 - ok
[2026-06-09 11:39:04] 2026-04-24 - started
[2026-06-09 11:39:06] 2026-04-24 - building preprocessed_data.xlsx
[2026-06-09 11:39:06] 2026-04-24 - running forecast and nowcast
Wrote forecast → data/output/details/2026-04-17/forecast_output.xlsx
Wrote forecast → data/output/details/2026-04-17/nowcast_output.xlsx
[2026-06-09 11:39:10] 2026-04-17 - finished
[2026-06-09 11:39:10] [170/222] 2026-04-17 - ok
[2026-06-09 11:39:10] 2026-04-25 - started
[2026-06-09 11:39:12] 2026-04-25 - building preprocessed_data.xlsx
Wrote forecast → data/output/details/2026-04-18/forecast_output.xlsx
Wrote forecast → data/output/details/2026-04-18/nowcast_output.xlsx
[2026-06-09 11:39:13] 2026-04-18 - finished
[2026-06-09 11:39:13] [171/222] 2026-04-18 - ok
[2026-06-09 11:39:13] 2026-04-26 - started
[2026-06-09 11:39:13] 2026-04-25 - running forecast and nowcast
[2026-06-09 11:39:15] 2026-04-26 - building preprocessed_data.xlsx
[2026-06-09 11:39:16] 2026-04-26 - running forecast and nowcast
Wrote forecast → data/output/details/2026-04-19/forecast_output.xlsx
Wrote forecast → data/output/details/2026-04-19/nowcast_output.xlsx
[2026-06-09 11:39:23] 2026-04-19 - finished
[2026-06-09 11:39:23] 2026-04-27 - started
[2026-06-09 11:39:23] [172/222] 2026-04-19 - ok
[2026-06-09 11:39:26] 2026-04-27 - building preprocessed_data.xlsx
[2026-06-09 11:39:27] 2026-04-27 - running forecast and nowcast
Wrote forecast → data/output/details/2026-04-20/forecast_output.xlsx
Wrote forecast → data/output/details/2026-04-20/nowcast_output.xlsx
[2026-06-09 11:39:36] 2026-04-20 - finished
[2026-06-09 11:39:36] 2026-04-28 - started
[2026-06-09 11:39:36] [173/222] 2026-04-20 - ok
Wrote forecast → data/output/details/2026-04-21/forecast_output.xlsx
Wrote forecast → data/output/details/2026-04-21/nowcast_output.xlsx
[2026-06-09 11:39:38] 2026-04-21 - finished
[2026-06-09 11:39:38] [174/222] 2026-04-21 - ok
[2026-06-09 11:39:38] 2026-04-29 - started
[2026-06-09 11:39:39] 2026-04-28 - building preprocessed_data.xlsx
[2026-06-09 11:39:40] 2026-04-28 - running forecast and nowcast
[2026-06-09 11:39:41] 2026-04-29 - building preprocessed_data.xlsx
[2026-06-09 11:39:41] 2026-04-29 - running forecast and nowcast
Wrote forecast → data/output/details/2026-04-22/forecast_output.xlsx
Wrote forecast → data/output/details/2026-04-22/nowcast_output.xlsx
[2026-06-09 11:39:46] 2026-04-22 - finished
[2026-06-09 11:39:46] 2026-04-30 - started
[2026-06-09 11:39:46] [175/222] 2026-04-22 - ok
Wrote forecast → data/output/details/2026-04-23/forecast_output.xlsx
Wrote forecast → data/output/details/2026-04-23/nowcast_output.xlsx
[2026-06-09 11:39:48] 2026-04-23 - finished
[2026-06-09 11:39:48] 2026-05-01 - started
[2026-06-09 11:39:48] [176/222] 2026-04-23 - ok
[2026-06-09 11:39:49] 2026-04-30 - building preprocessed_data.xlsx
[2026-06-09 11:39:49] 2026-04-30 - running forecast and nowcast
[2026-06-09 11:39:50] 2026-05-01 - building preprocessed_data.xlsx
[2026-06-09 11:39:51] 2026-05-01 - running forecast and nowcast
Wrote forecast → data/output/details/2026-04-24/forecast_output.xlsx
Wrote forecast → data/output/details/2026-04-24/nowcast_output.xlsx
[2026-06-09 11:41:09] 2026-04-24 - finished
[2026-06-09 11:41:09] 2026-05-02 - started
[2026-06-09 11:41:09] [177/222] 2026-04-24 - ok
[2026-06-09 11:41:11] 2026-05-02 - building preprocessed_data.xlsx
[2026-06-09 11:41:11] 2026-05-02 - running forecast and nowcast
Wrote forecast → data/output/details/2026-04-25/forecast_output.xlsx
Wrote forecast → data/output/details/2026-04-25/nowcast_output.xlsx
[2026-06-09 11:41:15] 2026-04-25 - finished
[2026-06-09 11:41:15] [178/222] 2026-04-25 - ok
[2026-06-09 11:41:15] 2026-05-03 - started
[2026-06-09 11:41:17] 2026-05-03 - building preprocessed_data.xlsx
[2026-06-09 11:41:18] 2026-05-03 - running forecast and nowcast
Wrote forecast → data/output/details/2026-04-26/forecast_output.xlsx
Wrote forecast → data/output/details/2026-04-26/nowcast_output.xlsx
[2026-06-09 11:41:18] 2026-04-26 - finished
[2026-06-09 11:41:18] 2026-05-04 - started
[2026-06-09 11:41:18] [179/222] 2026-04-26 - ok
[2026-06-09 11:41:20] 2026-05-04 - building preprocessed_data.xlsx
[2026-06-09 11:41:20] 2026-05-04 - running forecast and nowcast
Wrote forecast → data/output/details/2026-04-27/forecast_output.xlsx
Wrote forecast → data/output/details/2026-04-27/nowcast_output.xlsx
[2026-06-09 11:41:25] 2026-04-27 - finished
[2026-06-09 11:41:25] 2026-05-05 - started
[2026-06-09 11:41:25] [180/222] 2026-04-27 - ok
[2026-06-09 11:41:28] 2026-05-05 - building preprocessed_data.xlsx
[2026-06-09 11:41:28] 2026-05-05 - running forecast and nowcast
Wrote forecast → data/output/details/2026-04-28/forecast_output.xlsx
Wrote forecast → data/output/details/2026-04-28/nowcast_output.xlsx
[2026-06-09 11:41:36] 2026-04-28 - finished
[2026-06-09 11:41:36] [181/222] 2026-04-28 - ok
[2026-06-09 11:41:36] 2026-05-06 - started
Wrote forecast → data/output/details/2026-04-29/forecast_output.xlsx
Wrote forecast → data/output/details/2026-04-29/nowcast_output.xlsx
[2026-06-09 11:41:38] 2026-04-29 - finished
[2026-06-09 11:41:38] 2026-05-07 - started
[2026-06-09 11:41:38] [182/222] 2026-04-29 - ok
[2026-06-09 11:41:39] 2026-05-06 - building preprocessed_data.xlsx
[2026-06-09 11:41:39] 2026-05-06 - running forecast and nowcast
[2026-06-09 11:41:41] 2026-05-07 - building preprocessed_data.xlsx
[2026-06-09 11:41:41] 2026-05-07 - running forecast and nowcast
Wrote forecast → data/output/details/2026-04-30/forecast_output.xlsx
Wrote forecast → data/output/details/2026-04-30/nowcast_output.xlsx
[2026-06-09 11:41:47] 2026-04-30 - finished
[2026-06-09 11:41:47] 2026-05-08 - started
[2026-06-09 11:41:47] [183/222] 2026-04-30 - ok
Wrote forecast → data/output/details/2026-05-01/forecast_output.xlsx
Wrote forecast → data/output/details/2026-05-01/nowcast_output.xlsx
[2026-06-09 11:41:49] 2026-05-01 - finished
[2026-06-09 11:41:49] 2026-05-09 - started
[2026-06-09 11:41:49] [184/222] 2026-05-01 - ok
[2026-06-09 11:41:49] 2026-05-08 - building preprocessed_data.xlsx
[2026-06-09 11:41:50] 2026-05-08 - running forecast and nowcast
[2026-06-09 11:41:51] 2026-05-09 - building preprocessed_data.xlsx
[2026-06-09 11:41:52] 2026-05-09 - running forecast and nowcast
Wrote forecast → data/output/details/2026-05-02/forecast_output.xlsx
Wrote forecast → data/output/details/2026-05-02/nowcast_output.xlsx
[2026-06-09 11:43:20] 2026-05-02 - finished
[2026-06-09 11:43:20] 2026-05-10 - started
[2026-06-09 11:43:20] [185/222] 2026-05-02 - ok
[2026-06-09 11:43:22] 2026-05-10 - building preprocessed_data.xlsx
[2026-06-09 11:43:23] 2026-05-10 - running forecast and nowcast
Wrote forecast → data/output/details/2026-05-03/forecast_output.xlsx
Wrote forecast → data/output/details/2026-05-03/nowcast_output.xlsx
[2026-06-09 11:43:28] 2026-05-03 - finished
[2026-06-09 11:43:28] 2026-05-11 - started
[2026-06-09 11:43:28] [186/222] 2026-05-03 - ok
[2026-06-09 11:43:30] 2026-05-11 - building preprocessed_data.xlsx
Wrote forecast → data/output/details/2026-05-04/forecast_output.xlsx
Wrote forecast → data/output/details/2026-05-04/nowcast_output.xlsx
[2026-06-09 11:43:30] 2026-05-04 - finished
[2026-06-09 11:43:30] [187/222] 2026-05-04 - ok
[2026-06-09 11:43:30] 2026-05-12 - started
[2026-06-09 11:43:30] 2026-05-11 - running forecast and nowcast
[2026-06-09 11:43:32] 2026-05-12 - building preprocessed_data.xlsx
[2026-06-09 11:43:33] 2026-05-12 - running forecast and nowcast
Wrote forecast → data/output/details/2026-05-05/forecast_output.xlsx
Wrote forecast → data/output/details/2026-05-05/nowcast_output.xlsx
[2026-06-09 11:43:37] 2026-05-05 - finished
[2026-06-09 11:43:37] [188/222] 2026-05-05 - ok
[2026-06-09 11:43:37] 2026-05-13 - started
[2026-06-09 11:43:39] 2026-05-13 - building preprocessed_data.xlsx
[2026-06-09 11:43:40] 2026-05-13 - running forecast and nowcast
Wrote forecast → data/output/details/2026-05-06/forecast_output.xlsx
Wrote forecast → data/output/details/2026-05-06/nowcast_output.xlsx
[2026-06-09 11:43:46] 2026-05-06 - finished
[2026-06-09 11:43:46] 2026-05-14 - started
[2026-06-09 11:43:46] [189/222] 2026-05-06 - ok
Wrote forecast → data/output/details/2026-05-07/forecast_output.xlsx
Wrote forecast → data/output/details/2026-05-07/nowcast_output.xlsx
[2026-06-09 11:43:48] 2026-05-07 - finished
[2026-06-09 11:43:48] 2026-05-15 - started
[2026-06-09 11:43:48] [190/222] 2026-05-07 - ok
[2026-06-09 11:43:48] 2026-05-14 - building preprocessed_data.xlsx
[2026-06-09 11:43:49] 2026-05-14 - running forecast and nowcast
[2026-06-09 11:43:50] 2026-05-15 - building preprocessed_data.xlsx
[2026-06-09 11:43:50] 2026-05-15 - running forecast and nowcast
Wrote forecast → data/output/details/2026-05-08/forecast_output.xlsx
Wrote forecast → data/output/details/2026-05-08/nowcast_output.xlsx
[2026-06-09 11:43:56] 2026-05-08 - finished
[2026-06-09 11:43:56] 2026-05-16 - started
[2026-06-09 11:43:56] [191/222] 2026-05-08 - ok
Wrote forecast → data/output/details/2026-05-09/forecast_output.xlsx
Wrote forecast → data/output/details/2026-05-09/nowcast_output.xlsx
[2026-06-09 11:43:58] 2026-05-09 - finished
[2026-06-09 11:43:58] 2026-05-17 - started
[2026-06-09 11:43:58] [192/222] 2026-05-09 - ok
[2026-06-09 11:43:58] 2026-05-16 - building preprocessed_data.xlsx
[2026-06-09 11:43:59] 2026-05-16 - running forecast and nowcast
[2026-06-09 11:44:00] 2026-05-17 - building preprocessed_data.xlsx
[2026-06-09 11:44:00] 2026-05-17 - running forecast and nowcast
Wrote forecast → data/output/details/2026-05-10/forecast_output.xlsx
Wrote forecast → data/output/details/2026-05-10/nowcast_output.xlsx
[2026-06-09 11:45:08] 2026-05-10 - finished
[2026-06-09 11:45:08] 2026-05-18 - started
[2026-06-09 11:45:08] [193/222] 2026-05-10 - ok
[2026-06-09 11:45:10] 2026-05-18 - building preprocessed_data.xlsx
[2026-06-09 11:45:11] 2026-05-18 - running forecast and nowcast
Wrote forecast → data/output/details/2026-05-11/forecast_output.xlsx
Wrote forecast → data/output/details/2026-05-11/nowcast_output.xlsx
[2026-06-09 11:45:15] 2026-05-11 - finished
[2026-06-09 11:45:15] 2026-05-19 - started
[2026-06-09 11:45:15] [194/222] 2026-05-11 - ok
[2026-06-09 11:45:18] 2026-05-19 - building preprocessed_data.xlsx
Wrote forecast → data/output/details/2026-05-12/forecast_output.xlsx
Wrote forecast → data/output/details/2026-05-12/nowcast_output.xlsx
[2026-06-09 11:45:19] 2026-05-12 - finished
[2026-06-09 11:45:19] 2026-05-19 - running forecast and nowcast
[2026-06-09 11:45:19] 2026-05-20 - started
[2026-06-09 11:45:19] [195/222] 2026-05-12 - ok
[2026-06-09 11:45:22] 2026-05-20 - building preprocessed_data.xlsx
[2026-06-09 11:45:22] 2026-05-20 - running forecast and nowcast
Wrote forecast → data/output/details/2026-05-13/forecast_output.xlsx
Wrote forecast → data/output/details/2026-05-13/nowcast_output.xlsx
[2026-06-09 11:45:28] 2026-05-13 - finished
[2026-06-09 11:45:28] 2026-05-21 - started
[2026-06-09 11:45:28] [196/222] 2026-05-13 - ok
[2026-06-09 11:45:30] 2026-05-21 - building preprocessed_data.xlsx
[2026-06-09 11:45:30] 2026-05-21 - running forecast and nowcast
Wrote forecast → data/output/details/2026-05-14/forecast_output.xlsx
Wrote forecast → data/output/details/2026-05-14/nowcast_output.xlsx
[2026-06-09 11:45:38] 2026-05-14 - finished
[2026-06-09 11:45:38] 2026-05-22 - started
[2026-06-09 11:45:38] [197/222] 2026-05-14 - ok
Wrote forecast → data/output/details/2026-05-15/forecast_output.xlsx
Wrote forecast → data/output/details/2026-05-15/nowcast_output.xlsx
[2026-06-09 11:45:40] 2026-05-15 - finished
[2026-06-09 11:45:40] 2026-05-23 - started
[2026-06-09 11:45:40] [198/222] 2026-05-15 - ok
[2026-06-09 11:45:41] 2026-05-22 - building preprocessed_data.xlsx
[2026-06-09 11:45:41] 2026-05-22 - running forecast and nowcast
[2026-06-09 11:45:42] 2026-05-23 - building preprocessed_data.xlsx
[2026-06-09 11:45:43] 2026-05-23 - running forecast and nowcast
Wrote forecast → data/output/details/2026-05-16/forecast_output.xlsx
Wrote forecast → data/output/details/2026-05-16/nowcast_output.xlsx
[2026-06-09 11:45:48] 2026-05-16 - finished
[2026-06-09 11:45:48] 2026-05-24 - started
[2026-06-09 11:45:48] [199/222] 2026-05-16 - ok
Wrote forecast → data/output/details/2026-05-17/forecast_output.xlsx
Wrote forecast → data/output/details/2026-05-17/nowcast_output.xlsx
[2026-06-09 11:45:50] 2026-05-17 - finished
[2026-06-09 11:45:50] 2026-05-25 - started
[2026-06-09 11:45:50] [200/222] 2026-05-17 - ok
[2026-06-09 11:45:50] 2026-05-24 - building preprocessed_data.xlsx
[2026-06-09 11:45:51] 2026-05-24 - running forecast and nowcast
[2026-06-09 11:45:52] 2026-05-25 - building preprocessed_data.xlsx
[2026-06-09 11:45:52] 2026-05-25 - running forecast and nowcast
Wrote forecast → data/output/details/2026-05-18/forecast_output.xlsx
Wrote forecast → data/output/details/2026-05-18/nowcast_output.xlsx
[2026-06-09 11:46:55] 2026-05-18 - finished
[2026-06-09 11:46:55] 2026-05-26 - started
[2026-06-09 11:46:55] [201/222] 2026-05-18 - ok
[2026-06-09 11:46:58] 2026-05-26 - building preprocessed_data.xlsx
[2026-06-09 11:46:58] 2026-05-26 - running forecast and nowcast
Wrote forecast → data/output/details/2026-05-19/forecast_output.xlsx
Wrote forecast → data/output/details/2026-05-19/nowcast_output.xlsx
[2026-06-09 11:47:03] 2026-05-19 - finished
[2026-06-09 11:47:03] 2026-05-27 - started
[2026-06-09 11:47:03] [202/222] 2026-05-19 - ok
[2026-06-09 11:47:05] 2026-05-27 - building preprocessed_data.xlsx
[2026-06-09 11:47:05] 2026-05-27 - running forecast and nowcast
Wrote forecast → data/output/details/2026-05-20/forecast_output.xlsx
Wrote forecast → data/output/details/2026-05-20/nowcast_output.xlsx
[2026-06-09 11:47:05] 2026-05-20 - finished
[2026-06-09 11:47:05] [203/222] 2026-05-20 - ok
[2026-06-09 11:47:05] 2026-05-28 - started
[2026-06-09 11:47:07] 2026-05-28 - building preprocessed_data.xlsx
[2026-06-09 11:47:08] 2026-05-28 - running forecast and nowcast
Wrote forecast → data/output/details/2026-05-21/forecast_output.xlsx
Wrote forecast → data/output/details/2026-05-21/nowcast_output.xlsx
[2026-06-09 11:47:13] 2026-05-21 - finished
[2026-06-09 11:47:13] [204/222] 2026-05-21 - ok
[2026-06-09 11:47:13] 2026-05-29 - started
[2026-06-09 11:47:15] 2026-05-29 - building preprocessed_data.xlsx
[2026-06-09 11:47:15] 2026-05-29 - running forecast and nowcast
Wrote forecast → data/output/details/2026-05-22/forecast_output.xlsx
Wrote forecast → data/output/details/2026-05-22/nowcast_output.xlsx
[2026-06-09 11:47:23] 2026-05-22 - finished
[2026-06-09 11:47:23] 2026-05-30 - started
[2026-06-09 11:47:23] [205/222] 2026-05-22 - ok
Wrote forecast → data/output/details/2026-05-23/forecast_output.xlsx
Wrote forecast → data/output/details/2026-05-23/nowcast_output.xlsx
[2026-06-09 11:47:25] 2026-05-23 - finished
[2026-06-09 11:47:25] 2026-05-31 - started
[2026-06-09 11:47:25] [206/222] 2026-05-23 - ok
[2026-06-09 11:47:25] 2026-05-30 - building preprocessed_data.xlsx
[2026-06-09 11:47:25] 2026-05-30 - running forecast and nowcast
[2026-06-09 11:47:26] 2026-05-31 - building preprocessed_data.xlsx
[2026-06-09 11:47:27] 2026-05-31 - running forecast and nowcast
Wrote forecast → data/output/details/2026-05-24/forecast_output.xlsx
Wrote forecast → data/output/details/2026-05-24/nowcast_output.xlsx
[2026-06-09 11:47:32] 2026-05-24 - finished
[2026-06-09 11:47:32] [207/222] 2026-05-24 - ok
[2026-06-09 11:47:32] 2026-06-01 - started
Wrote forecast → data/output/details/2026-05-25/forecast_output.xlsx
Wrote forecast → data/output/details/2026-05-25/nowcast_output.xlsx
[2026-06-09 11:47:34] 2026-05-25 - finished
[2026-06-09 11:47:34] 2026-06-02 - started
[2026-06-09 11:47:34] [208/222] 2026-05-25 - ok
[2026-06-09 11:47:34] 2026-06-01 - building preprocessed_data.xlsx
[2026-06-09 11:47:35] 2026-06-01 - running forecast and nowcast
[2026-06-09 11:47:36] 2026-06-02 - building preprocessed_data.xlsx
[2026-06-09 11:47:37] 2026-06-02 - running forecast and nowcast
Wrote forecast → data/output/details/2026-05-26/forecast_output.xlsx
Wrote forecast → data/output/details/2026-05-26/nowcast_output.xlsx
[2026-06-09 11:48:32] 2026-05-26 - finished
[2026-06-09 11:48:32] 2026-06-03 - started
[2026-06-09 11:48:32] [209/222] 2026-05-26 - ok
[2026-06-09 11:48:34] 2026-06-03 - building preprocessed_data.xlsx
[2026-06-09 11:48:34] 2026-06-03 - running forecast and nowcast
Wrote forecast → data/output/details/2026-05-27/forecast_output.xlsx
Wrote forecast → data/output/details/2026-05-27/nowcast_output.xlsx
[2026-06-09 11:48:39] 2026-05-27 - finished
[2026-06-09 11:48:39] 2026-06-04 - started
[2026-06-09 11:48:39] [210/222] 2026-05-27 - ok
[2026-06-09 11:48:41] 2026-06-04 - building preprocessed_data.xlsx
Wrote forecast → data/output/details/2026-05-28/forecast_output.xlsx
Wrote forecast → data/output/details/2026-05-28/nowcast_output.xlsx
[2026-06-09 11:48:41] 2026-05-28 - finished
[2026-06-09 11:48:41] 2026-06-05 - started
[2026-06-09 11:48:41] [211/222] 2026-05-28 - ok
[2026-06-09 11:48:41] 2026-06-04 - running forecast and nowcast
[2026-06-09 11:48:43] 2026-06-05 - building preprocessed_data.xlsx
[2026-06-09 11:48:43] 2026-06-05 - running forecast and nowcast
Wrote forecast → data/output/details/2026-05-29/forecast_output.xlsx
Wrote forecast → data/output/details/2026-05-29/nowcast_output.xlsx
[2026-06-09 11:48:48] 2026-05-29 - finished
[2026-06-09 11:48:48] 2026-06-06 - started
[2026-06-09 11:48:48] [212/222] 2026-05-29 - ok
[2026-06-09 11:48:50] 2026-06-06 - building preprocessed_data.xlsx
[2026-06-09 11:48:50] 2026-06-06 - running forecast and nowcast
Wrote forecast → data/output/details/2026-05-30/forecast_output.xlsx
Wrote forecast → data/output/details/2026-05-30/nowcast_output.xlsx
[2026-06-09 11:48:57] 2026-05-30 - finished
[2026-06-09 11:48:57] [213/222] 2026-05-30 - ok
[2026-06-09 11:48:57] 2026-06-07 - started
[2026-06-09 11:49:00] 2026-06-07 - building preprocessed_data.xlsx
[2026-06-09 11:49:00] 2026-06-07 - running forecast and nowcast
Wrote forecast → data/output/details/2026-05-31/forecast_output.xlsx
Wrote forecast → data/output/details/2026-05-31/nowcast_output.xlsx
[2026-06-09 11:49:00] 2026-05-31 - finished
[2026-06-09 11:49:00] 2026-06-08 - started
[2026-06-09 11:49:00] [214/222] 2026-05-31 - ok
[2026-06-09 11:49:02] 2026-06-08 - building preprocessed_data.xlsx
[2026-06-09 11:49:03] 2026-06-08 - running forecast and nowcast
Wrote forecast → data/output/details/2026-06-01/forecast_output.xlsx
Wrote forecast → data/output/details/2026-06-01/nowcast_output.xlsx
[2026-06-09 11:49:10] 2026-06-01 - finished
[2026-06-09 11:49:10] [215/222] 2026-06-01 - ok
Wrote forecast → data/output/details/2026-06-02/forecast_output.xlsx
Wrote forecast → data/output/details/2026-06-02/nowcast_output.xlsx
[2026-06-09 11:49:11] 2026-06-02 - finished
[2026-06-09 11:49:11] [216/222] 2026-06-02 - ok
Wrote forecast → data/output/details/2026-06-03/forecast_output.xlsx
Wrote forecast → data/output/details/2026-06-03/nowcast_output.xlsx
[2026-06-09 11:50:06] 2026-06-03 - finished
[2026-06-09 11:50:06] [217/222] 2026-06-03 - ok
Wrote forecast → data/output/details/2026-06-04/forecast_output.xlsx
Wrote forecast → data/output/details/2026-06-04/nowcast_output.xlsx
[2026-06-09 11:50:11] 2026-06-04 - finished
[2026-06-09 11:50:11] [218/222] 2026-06-04 - ok
Wrote forecast → data/output/details/2026-06-05/forecast_output.xlsx
Wrote forecast → data/output/details/2026-06-05/nowcast_output.xlsx
[2026-06-09 11:50:12] 2026-06-05 - finished
[2026-06-09 11:50:12] [219/222] 2026-06-05 - ok
Wrote forecast → data/output/details/2026-06-06/forecast_output.xlsx
Wrote forecast → data/output/details/2026-06-06/nowcast_output.xlsx
[2026-06-09 11:50:15] 2026-06-06 - finished
[2026-06-09 11:50:15] [220/222] 2026-06-06 - ok
Wrote forecast → data/output/details/2026-06-07/forecast_output.xlsx
Wrote forecast → data/output/details/2026-06-07/nowcast_output.xlsx
[2026-06-09 11:50:19] 2026-06-07 - finished
[2026-06-09 11:50:19] [221/222] 2026-06-07 - ok
Wrote forecast → data/output/details/2026-06-08/forecast_output.xlsx
Wrote forecast → data/output/details/2026-06-08/nowcast_output.xlsx
[2026-06-09 11:50:20] 2026-06-08 - finished
[2026-06-09 11:50:20] [222/222] 2026-06-08 - ok
[2026-06-09 11:50:21] Backdate complete - rebuilding summary.xlsx and race history...
/Users/davisliggett/MapWiseResearch/auforecasting/code/forecast.py:527: RuntimeWarning: invalid value encountered in divide
  scale = np.where(nonzero & (observed > 0), target_shares / observed, 1.0)
/Users/davisliggett/MapWiseResearch/auforecasting/code/forecast.py:527: RuntimeWarning: invalid value encountered in divide
  scale = np.where(nonzero & (observed > 0), target_shares / observed, 1.0)
/Users/davisliggett/MapWiseResearch/auforecasting/code/forecast.py:527: RuntimeWarning: invalid value encountered in divide
  scale = np.where(nonzero & (observed > 0), target_shares / observed, 1.0)
/Users/davisliggett/MapWiseResearch/auforecasting/code/forecast.py:527: RuntimeWarning: invalid value encountered in divide
  scale = np.where(nonzero & (observed > 0), target_shares / observed, 1.0)
/Users/davisliggett/MapWiseResearch/auforecasting/code/forecast.py:527: RuntimeWarning: invalid value encountered in divide
  scale = np.where(nonzero & (observed > 0), target_shares / observed, 1.0)
/Users/davisliggett/MapWiseResearch/auforecasting/code/forecast.py:527: RuntimeWarning: invalid value encountered in divide
  scale = np.where(nonzero & (observed > 0), target_shares / observed, 1.0)
  Saved data/output/summary.xlsx  (401 runs)
  Saved data/output/details/ridings  (150 electorates, 60150 rows)
[2026-06-09 11:51:54] Rebuild complete
